<?xml version="1.0" encoding="UTF-8"?>
<testsuite name="io.budgetapp.resource.RecurringResourceIT" tests="1" skipped="0" failures="0" errors="0" timestamp="2017-09-12T04:13:12" hostname="LAPTOP-FULR87Q7" time="0.079">
  <properties/>
  <testcase name="shouldAbleCreateRecurring" classname="io.budgetapp.resource.RecurringResourceIT" time="0.079"/>
  <system-out><![CDATA[INFO  [2017-09-12 04:13:11,988] io.dropwizard.server.DefaultServerFactory: Registering jersey handler with root path prefix: /
INFO  [2017-09-12 04:13:11,988] io.dropwizard.server.DefaultServerFactory: Registering admin handler with root path prefix: /
INFO  [2017-09-12 04:13:12,023] io.dropwizard.hibernate.SessionFactoryFactory: Entity classes: [io.budgetapp.model.AuthToken, io.budgetapp.model.Budget, io.budgetapp.model.BudgetType, io.budgetapp.model.Category, io.budgetapp.model.Recurring, io.budgetapp.model.Transaction, io.budgetapp.model.User]
INFO  [2017-09-12 04:13:12,031] org.hibernate.dialect.Dialect: HHH000400: Using dialect: io.budgetapp.hibernate.dialect.CustomHSQLDialect
INFO  [2017-09-12 04:13:12,056] org.hibernate.type.BasicTypeRegistry: HHH000270: Type registration [java.util.Currency] overrides previous : org.hibernate.type.CurrencyType@6c6e30
INFO  [2017-09-12 04:13:12,056] org.hibernate.type.BasicTypeRegistry: HHH000270: Type registration [java.time.Duration] overrides previous : org.hibernate.type.DurationType@5c65f571
INFO  [2017-09-12 04:13:12,056] org.hibernate.type.BasicTypeRegistry: HHH000270: Type registration [java.time.Instant] overrides previous : org.hibernate.type.InstantType@caa11e8
INFO  [2017-09-12 04:13:12,056] org.hibernate.type.BasicTypeRegistry: HHH000270: Type registration [java.time.LocalDate] overrides previous : org.hibernate.type.LocalDateType@1ce95d55
INFO  [2017-09-12 04:13:12,056] org.hibernate.type.BasicTypeRegistry: HHH000270: Type registration [java.time.LocalDateTime] overrides previous : org.hibernate.type.LocalDateTimeType@2425cce2
INFO  [2017-09-12 04:13:12,056] org.hibernate.type.BasicTypeRegistry: HHH000270: Type registration [java.time.LocalTime] overrides previous : org.hibernate.type.LocalTimeType@305d818c
INFO  [2017-09-12 04:13:12,056] org.hibernate.type.BasicTypeRegistry: HHH000270: Type registration [java.time.OffsetDateTime] overrides previous : org.hibernate.type.OffsetDateTimeType@66886127
INFO  [2017-09-12 04:13:12,056] org.hibernate.type.BasicTypeRegistry: HHH000270: Type registration [java.time.OffsetTime] overrides previous : org.hibernate.type.OffsetTimeType@6cc0f3c8
INFO  [2017-09-12 04:13:12,056] org.hibernate.type.BasicTypeRegistry: HHH000270: Type registration [java.time.ZonedDateTime] overrides previous : org.hibernate.type.ZonedDateTimeType@71e700cb
WARN  [2017-09-12 04:13:12,085] com.google.common.cache.CacheBuilder: ignoring weigher specified without maximumWeight
INFO  [2017-09-12 04:13:12,086] io.dropwizard.server.DefaultServerFactory: Registering jersey handler with root path prefix: /
INFO  [2017-09-12 04:13:12,086] io.dropwizard.server.DefaultServerFactory: Registering admin handler with root path prefix: /
INFO  [2017-09-12 04:13:12,086] io.dropwizard.server.ServerFactory: Starting budget-app
  ____            _            _                          
 |  _ \          | |          | |       /\                
 | |_) |_   _  __| | __ _  ___| |_     /  \   _ __  _ __  
 |  _ <| | | |/ _` |/ _` |/ _ \ __|   / /\ \ | '_ \| '_ \ 
 | |_) | |_| | (_| | (_| |  __/ |_   / ____ \| |_) | |_) |
 |____/ \__,_|\__,_|\__, |\___|\__| /_/    \_\ .__/| .__/ 
                     __/ |                   | |   | |    
                    |___/                    |_|   |_|

INFO  [2017-09-12 04:13:12,088] org.eclipse.jetty.setuid.SetUIDListener: Opened application@663a98d4{HTTP/1.1,[http/1.1]}{0.0.0.0:9999}
INFO  [2017-09-12 04:13:12,089] org.eclipse.jetty.setuid.SetUIDListener: Opened admin@3197ee2d{HTTP/1.1,[http/1.1]}{0.0.0.0:8081}
INFO  [2017-09-12 04:13:12,089] org.eclipse.jetty.server.Server: jetty-9.4.2.v20170220
INFO  [2017-09-12 04:13:12,089] io.budgetapp.managed.MigrationManaged: begin migration
INFO  [2017-09-12 04:13:12,100] liquibase: Successfully acquired change log lock
INFO  [2017-09-12 04:13:12,163] liquibase: Reading from PUBLIC.DATABASECHANGELOG
INFO  [2017-09-12 04:13:12,173] liquibase: Successfully released change log lock
INFO  [2017-09-12 04:13:12,174] io.budgetapp.managed.MigrationManaged: finish migration
INFO  [2017-09-12 04:13:12,179] org.eclipse.jetty.ContextHandler.58e3df7c: org.tuckey.web.filters.urlrewrite.UrlRewriteFilter INFO: loaded (conf ok)
DEBUG [2017-09-12 04:13:12,184] io.budgetapp.job.RecurringJob: Start Recurring job job
DEBUG [2017-09-12 04:13:12,184] io.budgetapp.service.FinanceService: Begin update recurrings...
INFO  [2017-09-12 04:13:12,185] org.hibernate.hql.internal.QueryTranslatorFactoryInitiator: HHH000397: Using ASTQueryTranslatorFactory
DEBUG [2017-09-12 04:13:12,202] org.hibernate.SQL: 
    /* SELECT
        r 
    FROM
        Recurring r 
    WHERE
        (
            r.recurringType = :daily 
            AND DAY(r.lastRunAt) = :yesterday
        ) 
        OR (
            r.recurringType = :weekly 
            AND WEEK(r.lastRunAt) = :lastWeek 
            AND DAYOFWEEK(r.lastRunAt) = DAYOFWEEK(CURRENT_TIMESTAMP)
        ) 
        OR (
            r.recurringType = :monthly 
            AND MONTH(r.lastRunAt) = :lastMonth 
            AND DAY(r.lastRunAt) = DAY(CURRENT_TIMESTAMP)
        ) 
        OR (
            r.recurringType = :yearly 
            AND YEAR(r.lastRunAt) = :lastYear 
            AND MONTH(r.lastRunAt) = MONTH(CURRENT_TIMESTAMP)
        ) 
        OR r.lastRunAt IS NULL */ select
            recurring0_.id as id1_4_,
            recurring0_.amount as amount2_4_,
            recurring0_.budget_type_id as budget_t7_4_,
            recurring0_.created_at as created_3_4_,
            recurring0_.last_run_at as last_run4_4_,
            recurring0_.type as type5_4_,
            recurring0_.remark as remark6_4_ 
        from
            recurrings recurring0_ 
        where
            recurring0_.type=? 
            and day(recurring0_.last_run_at)=? 
            or recurring0_.type=? 
            and extract(week_of_year 
        from
            recurring0_.last_run_at)=? 
            and dayofweek(recurring0_.last_run_at)=dayofweek(CURRENT_TIMESTAMP) 
            or recurring0_.type=? 
            and month(recurring0_.last_run_at)=? 
            and day(recurring0_.last_run_at)=day(CURRENT_TIMESTAMP) 
            or recurring0_.type=? 
            and year(recurring0_.last_run_at)=? 
            and month(recurring0_.last_run_at)=month(CURRENT_TIMESTAMP) 
            or recurring0_.last_run_at is null
DEBUG [2017-09-12 04:13:12,203] io.budgetapp.service.FinanceService: Found 0 recurring(s) item to update
DEBUG [2017-09-12 04:13:12,203] io.budgetapp.service.FinanceService: Finish update recurrings...
DEBUG [2017-09-12 04:13:12,203] io.budgetapp.job.RecurringJob: Complete Recurring job job and took 19ms
INFO  [2017-09-12 04:13:12,203] org.hibernate.engine.internal.StatisticalLoggingSessionEventListener: Session Metrics {
    79339 nanoseconds spent acquiring 2 JDBC connections;
    25741 nanoseconds spent releasing 2 JDBC connections;
    392815 nanoseconds spent preparing 1 JDBC statements;
    71934 nanoseconds spent executing 1 JDBC statements;
    0 nanoseconds spent executing 0 JDBC batches;
    0 nanoseconds spent performing 0 L2C puts;
    0 nanoseconds spent performing 0 L2C hits;
    0 nanoseconds spent performing 0 L2C misses;
    0 nanoseconds spent executing 0 flushes (flushing a total of 0 entities and 0 collections);
    156562 nanoseconds spent executing 1 partial-flushes (flushing a total of 0 entities and 0 collections)
}
INFO  [2017-09-12 04:13:12,301] io.dropwizard.jersey.DropwizardResourceConfig: The following paths were found for the configured resources:

    GET     /api/budgets (io.budgetapp.resource.BudgetResource)
    POST    /api/budgets (io.budgetapp.resource.BudgetResource)
    GET     /api/budgets/suggests (io.budgetapp.resource.BudgetResource)
    DELETE  /api/budgets/{id} (io.budgetapp.resource.BudgetResource)
    GET     /api/budgets/{id} (io.budgetapp.resource.BudgetResource)
    PUT     /api/budgets/{id} (io.budgetapp.resource.BudgetResource)
    GET     /api/budgets/{id}/transactions (io.budgetapp.resource.BudgetResource)
    GET     /api/categories (io.budgetapp.resource.CategoryResource)
    POST    /api/categories (io.budgetapp.resource.CategoryResource)
    GET     /api/categories/suggests (io.budgetapp.resource.CategoryResource)
    GET     /api/categories/summary (io.budgetapp.resource.CategoryResource)
    DELETE  /api/categories/{id} (io.budgetapp.resource.CategoryResource)
    GET     /api/categories/{id} (io.budgetapp.resource.CategoryResource)
    GET     /api/categories/{id}/budgets (io.budgetapp.resource.CategoryResource)
    GET     /api/health/ping (io.budgetapp.resource.HealthCheckResource)
    GET     /api/recurrings (io.budgetapp.resource.RecurringResource)
    POST    /api/recurrings (io.budgetapp.resource.RecurringResource)
    DELETE  /api/recurrings/{id} (io.budgetapp.resource.RecurringResource)
    GET     /api/recurrings/{id}/transactions (io.budgetapp.resource.RecurringResource)
    POST    /api/reports/transactions (io.budgetapp.resource.ReportResource)
    GET     /api/transactions (io.budgetapp.resource.TransactionResource)
    POST    /api/transactions (io.budgetapp.resource.TransactionResource)
    GET     /api/transactions/monthly (io.budgetapp.resource.TransactionResource)
    GET     /api/transactions/summary (io.budgetapp.resource.TransactionResource)
    GET     /api/transactions/today (io.budgetapp.resource.TransactionResource)
    DELETE  /api/transactions/{id} (io.budgetapp.resource.TransactionResource)
    GET     /api/transactions/{id} (io.budgetapp.resource.TransactionResource)
    POST    /api/users (io.budgetapp.resource.UserResource)
    PUT     /api/users (io.budgetapp.resource.UserResource)
    GET     /api/users/account (io.budgetapp.resource.UserResource)
    POST    /api/users/auth (io.budgetapp.resource.UserResource)
    PUT     /api/users/password (io.budgetapp.resource.UserResource)
    GET     /api/users/ping (io.budgetapp.resource.UserResource)
    GET     /api/users/usage (io.budgetapp.resource.UserResource)

INFO  [2017-09-12 04:13:12,302] org.eclipse.jetty.server.handler.ContextHandler: Started i.d.j.MutableServletContextHandler@58e3df7c{/,null,AVAILABLE}
INFO  [2017-09-12 04:13:12,302] io.dropwizard.setup.AdminEnvironment: tasks = 

    POST    /tasks/log-level (io.dropwizard.servlets.tasks.LogConfigurationTask)
    POST    /tasks/gc (io.dropwizard.servlets.tasks.GarbageCollectionTask)

INFO  [2017-09-12 04:13:12,302] org.eclipse.jetty.server.handler.ContextHandler: Started i.d.j.MutableServletContextHandler@20ae3bb{/,null,AVAILABLE}
INFO  [2017-09-12 04:13:12,304] org.eclipse.jetty.server.AbstractConnector: Started application@663a98d4{HTTP/1.1,[http/1.1]}{0.0.0.0:9999}
INFO  [2017-09-12 04:13:12,306] org.eclipse.jetty.server.AbstractConnector: Started admin@3197ee2d{HTTP/1.1,[http/1.1]}{0.0.0.0:8081}
INFO  [2017-09-12 04:13:12,306] org.eclipse.jetty.server.Server: Started @8461ms
DEBUG [2017-09-12 04:13:12,326] io.budgetapp.resource.ResourceIT: 1 * Sending client request on thread Test worker
1 > POST http://localhost:9999/api/users
1 > Accept: application/json
1 > Content-Type: application/json
{"username":"3c8a198d@6cad2588.com","password":"129b6680"}

WARN  [2017-09-12 04:13:12,337] org.hibernate.orm.deprecation: HHH90000022: Hibernate's legacy org.hibernate.Criteria API is deprecated; use the JPA javax.persistence.criteria.CriteriaQuery instead
DEBUG [2017-09-12 04:13:12,337] org.hibernate.SQL: 
    /* criteria query */ select
        this_.id as id1_6_0_,
        this_.created_at as created_2_6_0_,
        this_.currency as currency3_6_0_,
        this_.name as name4_6_0_,
        this_.password as password5_6_0_,
        this_.username as username6_6_0_ 
    from
        users this_ 
    where
        lower(this_.username)=?
DEBUG [2017-09-12 04:13:12,338] io.budgetapp.dao.UserDAO: Add new user SignUpForm{username='3c8a198d@6cad2588.com', password='e48f4661c19b72248e3ebb5060e6b83056df57b9e5c487791aaae63a0595d0a51e02b5fce40ddad0'}
DEBUG [2017-09-12 04:13:12,339] org.hibernate.SQL: 
    /* insert io.budgetapp.model.User
        */ insert 
        into
            users
            (id, currency, name, password, username) 
        values
            (default, ?, ?, ?, ?)
WARN  [2017-09-12 04:13:12,339] org.hibernate.orm.deprecation: HHH90000022: Hibernate's legacy org.hibernate.Criteria API is deprecated; use the JPA javax.persistence.criteria.CriteriaQuery instead
DEBUG [2017-09-12 04:13:12,340] org.hibernate.SQL: 
    /* criteria query */ select
        this_.id as id1_3_1_,
        this_.created_at as created_2_3_1_,
        this_.name as name3_3_1_,
        this_.type as type4_3_1_,
        this_.user_id as user_id5_3_1_,
        user2_.id as id1_6_0_,
        user2_.created_at as created_2_6_0_,
        user2_.currency as currency3_6_0_,
        user2_.name as name4_6_0_,
        user2_.password as password5_6_0_,
        user2_.username as username6_6_0_ 
    from
        categories this_ 
    inner join
        users user2_ 
            on this_.user_id=user2_.id 
    where
        this_.user_id=? 
    order by
        this_.type desc
DEBUG [2017-09-12 04:13:12,340] io.budgetapp.service.FinanceService: Create default categories and budgets User{id=3, username='3c8a198d@6cad2588.com'} 9-2017
DEBUG [2017-09-12 04:13:12,340] io.budgetapp.dao.CategoryDAO: Add new category Category{id=null, name='Income', type=INCOME, createdAt=null, user=null}
DEBUG [2017-09-12 04:13:12,341] org.hibernate.SQL: 
    /* insert io.budgetapp.model.Category
        */ insert 
        into
            categories
            (id, name, type, user_id) 
        values
            (default, ?, ?, ?)
DEBUG [2017-09-12 04:13:12,342] io.budgetapp.dao.CategoryDAO: Add new category Category{id=null, name='Home', type=EXPENDITURE, createdAt=null, user=null}
DEBUG [2017-09-12 04:13:12,342] org.hibernate.SQL: 
    /* insert io.budgetapp.model.Category
        */ insert 
        into
            categories
            (id, name, type, user_id) 
        values
            (default, ?, ?, ?)
DEBUG [2017-09-12 04:13:12,343] io.budgetapp.dao.CategoryDAO: Add new category Category{id=null, name='Transportation', type=EXPENDITURE, createdAt=null, user=null}
DEBUG [2017-09-12 04:13:12,343] org.hibernate.SQL: 
    /* insert io.budgetapp.model.Category
        */ insert 
        into
            categories
            (id, name, type, user_id) 
        values
            (default, ?, ?, ?)
DEBUG [2017-09-12 04:13:12,343] io.budgetapp.dao.CategoryDAO: Add new category Category{id=null, name='Health', type=EXPENDITURE, createdAt=null, user=null}
DEBUG [2017-09-12 04:13:12,344] org.hibernate.SQL: 
    /* insert io.budgetapp.model.Category
        */ insert 
        into
            categories
            (id, name, type, user_id) 
        values
            (default, ?, ?, ?)
DEBUG [2017-09-12 04:13:12,344] io.budgetapp.dao.CategoryDAO: Add new category Category{id=null, name='Charity/Gifts', type=EXPENDITURE, createdAt=null, user=null}
DEBUG [2017-09-12 04:13:12,344] org.hibernate.SQL: 
    /* insert io.budgetapp.model.Category
        */ insert 
        into
            categories
            (id, name, type, user_id) 
        values
            (default, ?, ?, ?)
DEBUG [2017-09-12 04:13:12,344] io.budgetapp.dao.CategoryDAO: Add new category Category{id=null, name='Daily Living', type=EXPENDITURE, createdAt=null, user=null}
DEBUG [2017-09-12 04:13:12,345] org.hibernate.SQL: 
    /* insert io.budgetapp.model.Category
        */ insert 
        into
            categories
            (id, name, type, user_id) 
        values
            (default, ?, ?, ?)
DEBUG [2017-09-12 04:13:12,345] io.budgetapp.dao.CategoryDAO: Add new category Category{id=null, name='Entertainment', type=EXPENDITURE, createdAt=null, user=null}
DEBUG [2017-09-12 04:13:12,345] org.hibernate.SQL: 
    /* insert io.budgetapp.model.Category
        */ insert 
        into
            categories
            (id, name, type, user_id) 
        values
            (default, ?, ?, ?)
DEBUG [2017-09-12 04:13:12,346] io.budgetapp.dao.CategoryDAO: Add new category Category{id=null, name='Savings', type=EXPENDITURE, createdAt=null, user=null}
DEBUG [2017-09-12 04:13:12,346] org.hibernate.SQL: 
    /* insert io.budgetapp.model.Category
        */ insert 
        into
            categories
            (id, name, type, user_id) 
        values
            (default, ?, ?, ?)
DEBUG [2017-09-12 04:13:12,346] io.budgetapp.dao.CategoryDAO: Add new category Category{id=null, name='Obligations', type=EXPENDITURE, createdAt=null, user=null}
DEBUG [2017-09-12 04:13:12,347] org.hibernate.SQL: 
    /* insert io.budgetapp.model.Category
        */ insert 
        into
            categories
            (id, name, type, user_id) 
        values
            (default, ?, ?, ?)
DEBUG [2017-09-12 04:13:12,347] io.budgetapp.dao.CategoryDAO: Add new category Category{id=null, name='Miscellaneous', type=EXPENDITURE, createdAt=null, user=null}
DEBUG [2017-09-12 04:13:12,347] org.hibernate.SQL: 
    /* insert io.budgetapp.model.Category
        */ insert 
        into
            categories
            (id, name, type, user_id) 
        values
            (default, ?, ?, ?)
DEBUG [2017-09-12 04:13:12,348] org.hibernate.SQL: 
    /* insert io.budgetapp.model.BudgetType
        */ insert 
        into
            budget_types
            (id) 
        values
            (default)
DEBUG [2017-09-12 04:13:12,348] io.budgetapp.dao.BudgetDAO: User User{id=3, username='3c8a198d@6cad2588.com'} add budget Budget{id=null, actual=0.0, name='Wages & Tips', createdAt=null, user=null, category=Category{id=26, name='Income', type=INCOME, createdAt=null, user=User{id=3, username='3c8a198d@6cad2588.com'}}}
DEBUG [2017-09-12 04:13:12,348] org.hibernate.SQL: 
    /* insert io.budgetapp.model.Budget
        */ insert 
        into
            budgets
            (id, actual, type_id, category_id, name, period_on, projected, user_id) 
        values
            (default, ?, ?, ?, ?, ?, ?, ?)
DEBUG [2017-09-12 04:13:12,349] org.hibernate.SQL: 
    /* insert io.budgetapp.model.BudgetType
        */ insert 
        into
            budget_types
            (id) 
        values
            (default)
DEBUG [2017-09-12 04:13:12,349] io.budgetapp.dao.BudgetDAO: User User{id=3, username='3c8a198d@6cad2588.com'} add budget Budget{id=null, actual=0.0, name='Interest Income', createdAt=null, user=null, category=Category{id=26, name='Income', type=INCOME, createdAt=null, user=User{id=3, username='3c8a198d@6cad2588.com'}}}
DEBUG [2017-09-12 04:13:12,349] org.hibernate.SQL: 
    /* insert io.budgetapp.model.Budget
        */ insert 
        into
            budgets
            (id, actual, type_id, category_id, name, period_on, projected, user_id) 
        values
            (default, ?, ?, ?, ?, ?, ?, ?)
DEBUG [2017-09-12 04:13:12,350] org.hibernate.SQL: 
    /* insert io.budgetapp.model.BudgetType
        */ insert 
        into
            budget_types
            (id) 
        values
            (default)
DEBUG [2017-09-12 04:13:12,350] io.budgetapp.dao.BudgetDAO: User User{id=3, username='3c8a198d@6cad2588.com'} add budget Budget{id=null, actual=0.0, name='Dividends', createdAt=null, user=null, category=Category{id=26, name='Income', type=INCOME, createdAt=null, user=User{id=3, username='3c8a198d@6cad2588.com'}}}
DEBUG [2017-09-12 04:13:12,350] org.hibernate.SQL: 
    /* insert io.budgetapp.model.Budget
        */ insert 
        into
            budgets
            (id, actual, type_id, category_id, name, period_on, projected, user_id) 
        values
            (default, ?, ?, ?, ?, ?, ?, ?)
DEBUG [2017-09-12 04:13:12,351] org.hibernate.SQL: 
    /* insert io.budgetapp.model.BudgetType
        */ insert 
        into
            budget_types
            (id) 
        values
            (default)
DEBUG [2017-09-12 04:13:12,351] io.budgetapp.dao.BudgetDAO: User User{id=3, username='3c8a198d@6cad2588.com'} add budget Budget{id=null, actual=0.0, name='Gifts Received', createdAt=null, user=null, category=Category{id=26, name='Income', type=INCOME, createdAt=null, user=User{id=3, username='3c8a198d@6cad2588.com'}}}
DEBUG [2017-09-12 04:13:12,351] org.hibernate.SQL: 
    /* insert io.budgetapp.model.Budget
        */ insert 
        into
            budgets
            (id, actual, type_id, category_id, name, period_on, projected, user_id) 
        values
            (default, ?, ?, ?, ?, ?, ?, ?)
DEBUG [2017-09-12 04:13:12,352] org.hibernate.SQL: 
    /* insert io.budgetapp.model.BudgetType
        */ insert 
        into
            budget_types
            (id) 
        values
            (default)
DEBUG [2017-09-12 04:13:12,352] io.budgetapp.dao.BudgetDAO: User User{id=3, username='3c8a198d@6cad2588.com'} add budget Budget{id=null, actual=0.0, name='Refunds/Reimbursements', createdAt=null, user=null, category=Category{id=26, name='Income', type=INCOME, createdAt=null, user=User{id=3, username='3c8a198d@6cad2588.com'}}}
DEBUG [2017-09-12 04:13:12,352] org.hibernate.SQL: 
    /* insert io.budgetapp.model.Budget
        */ insert 
        into
            budgets
            (id, actual, type_id, category_id, name, period_on, projected, user_id) 
        values
            (default, ?, ?, ?, ?, ?, ?, ?)
DEBUG [2017-09-12 04:13:12,353] org.hibernate.SQL: 
    /* insert io.budgetapp.model.BudgetType
        */ insert 
        into
            budget_types
            (id) 
        values
            (default)
DEBUG [2017-09-12 04:13:12,353] io.budgetapp.dao.BudgetDAO: User User{id=3, username='3c8a198d@6cad2588.com'} add budget Budget{id=null, actual=0.0, name='Transfer From Savings', createdAt=null, user=null, category=Category{id=26, name='Income', type=INCOME, createdAt=null, user=User{id=3, username='3c8a198d@6cad2588.com'}}}
DEBUG [2017-09-12 04:13:12,353] org.hibernate.SQL: 
    /* insert io.budgetapp.model.Budget
        */ insert 
        into
            budgets
            (id, actual, type_id, category_id, name, period_on, projected, user_id) 
        values
            (default, ?, ?, ?, ?, ?, ?, ?)
DEBUG [2017-09-12 04:13:12,353] org.hibernate.SQL: 
    /* insert io.budgetapp.model.BudgetType
        */ insert 
        into
            budget_types
            (id) 
        values
            (default)
DEBUG [2017-09-12 04:13:12,354] io.budgetapp.dao.BudgetDAO: User User{id=3, username='3c8a198d@6cad2588.com'} add budget Budget{id=null, actual=0.0, name='Mortgage/Rent', createdAt=null, user=null, category=Category{id=27, name='Home', type=EXPENDITURE, createdAt=null, user=User{id=3, username='3c8a198d@6cad2588.com'}}}
DEBUG [2017-09-12 04:13:12,354] org.hibernate.SQL: 
    /* insert io.budgetapp.model.Budget
        */ insert 
        into
            budgets
            (id, actual, type_id, category_id, name, period_on, projected, user_id) 
        values
            (default, ?, ?, ?, ?, ?, ?, ?)
DEBUG [2017-09-12 04:13:12,354] org.hibernate.SQL: 
    /* insert io.budgetapp.model.BudgetType
        */ insert 
        into
            budget_types
            (id) 
        values
            (default)
DEBUG [2017-09-12 04:13:12,354] io.budgetapp.dao.BudgetDAO: User User{id=3, username='3c8a198d@6cad2588.com'} add budget Budget{id=null, actual=0.0, name='Home/Rental Insurance', createdAt=null, user=null, category=Category{id=27, name='Home', type=EXPENDITURE, createdAt=null, user=User{id=3, username='3c8a198d@6cad2588.com'}}}
DEBUG [2017-09-12 04:13:12,354] org.hibernate.SQL: 
    /* insert io.budgetapp.model.Budget
        */ insert 
        into
            budgets
            (id, actual, type_id, category_id, name, period_on, projected, user_id) 
        values
            (default, ?, ?, ?, ?, ?, ?, ?)
DEBUG [2017-09-12 04:13:12,355] org.hibernate.SQL: 
    /* insert io.budgetapp.model.BudgetType
        */ insert 
        into
            budget_types
            (id) 
        values
            (default)
DEBUG [2017-09-12 04:13:12,355] io.budgetapp.dao.BudgetDAO: User User{id=3, username='3c8a198d@6cad2588.com'} add budget Budget{id=null, actual=0.0, name='Electricity', createdAt=null, user=null, category=Category{id=27, name='Home', type=EXPENDITURE, createdAt=null, user=User{id=3, username='3c8a198d@6cad2588.com'}}}
DEBUG [2017-09-12 04:13:12,355] org.hibernate.SQL: 
    /* insert io.budgetapp.model.Budget
        */ insert 
        into
            budgets
            (id, actual, type_id, category_id, name, period_on, projected, user_id) 
        values
            (default, ?, ?, ?, ?, ?, ?, ?)
DEBUG [2017-09-12 04:13:12,356] org.hibernate.SQL: 
    /* insert io.budgetapp.model.BudgetType
        */ insert 
        into
            budget_types
            (id) 
        values
            (default)
DEBUG [2017-09-12 04:13:12,356] io.budgetapp.dao.BudgetDAO: User User{id=3, username='3c8a198d@6cad2588.com'} add budget Budget{id=null, actual=0.0, name='Gas/Oil', createdAt=null, user=null, category=Category{id=27, name='Home', type=EXPENDITURE, createdAt=null, user=User{id=3, username='3c8a198d@6cad2588.com'}}}
DEBUG [2017-09-12 04:13:12,356] org.hibernate.SQL: 
    /* insert io.budgetapp.model.Budget
        */ insert 
        into
            budgets
            (id, actual, type_id, category_id, name, period_on, projected, user_id) 
        values
            (default, ?, ?, ?, ?, ?, ?, ?)
DEBUG [2017-09-12 04:13:12,356] org.hibernate.SQL: 
    /* insert io.budgetapp.model.BudgetType
        */ insert 
        into
            budget_types
            (id) 
        values
            (default)
DEBUG [2017-09-12 04:13:12,357] io.budgetapp.dao.BudgetDAO: User User{id=3, username='3c8a198d@6cad2588.com'} add budget Budget{id=null, actual=0.0, name='Water/Sewer/Trash', createdAt=null, user=null, category=Category{id=27, name='Home', type=EXPENDITURE, createdAt=null, user=User{id=3, username='3c8a198d@6cad2588.com'}}}
DEBUG [2017-09-12 04:13:12,357] org.hibernate.SQL: 
    /* insert io.budgetapp.model.Budget
        */ insert 
        into
            budgets
            (id, actual, type_id, category_id, name, period_on, projected, user_id) 
        values
            (default, ?, ?, ?, ?, ?, ?, ?)
DEBUG [2017-09-12 04:13:12,357] org.hibernate.SQL: 
    /* insert io.budgetapp.model.BudgetType
        */ insert 
        into
            budget_types
            (id) 
        values
            (default)
DEBUG [2017-09-12 04:13:12,358] io.budgetapp.dao.BudgetDAO: User User{id=3, username='3c8a198d@6cad2588.com'} add budget Budget{id=null, actual=0.0, name='Phone', createdAt=null, user=null, category=Category{id=27, name='Home', type=EXPENDITURE, createdAt=null, user=User{id=3, username='3c8a198d@6cad2588.com'}}}
DEBUG [2017-09-12 04:13:12,358] org.hibernate.SQL: 
    /* insert io.budgetapp.model.Budget
        */ insert 
        into
            budgets
            (id, actual, type_id, category_id, name, period_on, projected, user_id) 
        values
            (default, ?, ?, ?, ?, ?, ?, ?)
DEBUG [2017-09-12 04:13:12,358] org.hibernate.SQL: 
    /* insert io.budgetapp.model.BudgetType
        */ insert 
        into
            budget_types
            (id) 
        values
            (default)
DEBUG [2017-09-12 04:13:12,358] io.budgetapp.dao.BudgetDAO: User User{id=3, username='3c8a198d@6cad2588.com'} add budget Budget{id=null, actual=0.0, name='Cable/Satellite', createdAt=null, user=null, category=Category{id=27, name='Home', type=EXPENDITURE, createdAt=null, user=User{id=3, username='3c8a198d@6cad2588.com'}}}
DEBUG [2017-09-12 04:13:12,358] org.hibernate.SQL: 
    /* insert io.budgetapp.model.Budget
        */ insert 
        into
            budgets
            (id, actual, type_id, category_id, name, period_on, projected, user_id) 
        values
            (default, ?, ?, ?, ?, ?, ?, ?)
DEBUG [2017-09-12 04:13:12,359] org.hibernate.SQL: 
    /* insert io.budgetapp.model.BudgetType
        */ insert 
        into
            budget_types
            (id) 
        values
            (default)
DEBUG [2017-09-12 04:13:12,359] io.budgetapp.dao.BudgetDAO: User User{id=3, username='3c8a198d@6cad2588.com'} add budget Budget{id=null, actual=0.0, name='Internet', createdAt=null, user=null, category=Category{id=27, name='Home', type=EXPENDITURE, createdAt=null, user=User{id=3, username='3c8a198d@6cad2588.com'}}}
DEBUG [2017-09-12 04:13:12,359] org.hibernate.SQL: 
    /* insert io.budgetapp.model.Budget
        */ insert 
        into
            budgets
            (id, actual, type_id, category_id, name, period_on, projected, user_id) 
        values
            (default, ?, ?, ?, ?, ?, ?, ?)
DEBUG [2017-09-12 04:13:12,360] org.hibernate.SQL: 
    /* insert io.budgetapp.model.BudgetType
        */ insert 
        into
            budget_types
            (id) 
        values
            (default)
DEBUG [2017-09-12 04:13:12,360] io.budgetapp.dao.BudgetDAO: User User{id=3, username='3c8a198d@6cad2588.com'} add budget Budget{id=null, actual=0.0, name='Furnishings/Appliances', createdAt=null, user=null, category=Category{id=27, name='Home', type=EXPENDITURE, createdAt=null, user=User{id=3, username='3c8a198d@6cad2588.com'}}}
DEBUG [2017-09-12 04:13:12,360] org.hibernate.SQL: 
    /* insert io.budgetapp.model.Budget
        */ insert 
        into
            budgets
            (id, actual, type_id, category_id, name, period_on, projected, user_id) 
        values
            (default, ?, ?, ?, ?, ?, ?, ?)
DEBUG [2017-09-12 04:13:12,360] org.hibernate.SQL: 
    /* insert io.budgetapp.model.BudgetType
        */ insert 
        into
            budget_types
            (id) 
        values
            (default)
DEBUG [2017-09-12 04:13:12,361] io.budgetapp.dao.BudgetDAO: User User{id=3, username='3c8a198d@6cad2588.com'} add budget Budget{id=null, actual=0.0, name='Lawn/Garden', createdAt=null, user=null, category=Category{id=27, name='Home', type=EXPENDITURE, createdAt=null, user=User{id=3, username='3c8a198d@6cad2588.com'}}}
DEBUG [2017-09-12 04:13:12,361] org.hibernate.SQL: 
    /* insert io.budgetapp.model.Budget
        */ insert 
        into
            budgets
            (id, actual, type_id, category_id, name, period_on, projected, user_id) 
        values
            (default, ?, ?, ?, ?, ?, ?, ?)
DEBUG [2017-09-12 04:13:12,361] org.hibernate.SQL: 
    /* insert io.budgetapp.model.BudgetType
        */ insert 
        into
            budget_types
            (id) 
        values
            (default)
DEBUG [2017-09-12 04:13:12,361] io.budgetapp.dao.BudgetDAO: User User{id=3, username='3c8a198d@6cad2588.com'} add budget Budget{id=null, actual=0.0, name='Maintenance/Supplies', createdAt=null, user=null, category=Category{id=27, name='Home', type=EXPENDITURE, createdAt=null, user=User{id=3, username='3c8a198d@6cad2588.com'}}}
DEBUG [2017-09-12 04:13:12,361] org.hibernate.SQL: 
    /* insert io.budgetapp.model.Budget
        */ insert 
        into
            budgets
            (id, actual, type_id, category_id, name, period_on, projected, user_id) 
        values
            (default, ?, ?, ?, ?, ?, ?, ?)
DEBUG [2017-09-12 04:13:12,362] org.hibernate.SQL: 
    /* insert io.budgetapp.model.BudgetType
        */ insert 
        into
            budget_types
            (id) 
        values
            (default)
DEBUG [2017-09-12 04:13:12,362] io.budgetapp.dao.BudgetDAO: User User{id=3, username='3c8a198d@6cad2588.com'} add budget Budget{id=null, actual=0.0, name='Improvements', createdAt=null, user=null, category=Category{id=27, name='Home', type=EXPENDITURE, createdAt=null, user=User{id=3, username='3c8a198d@6cad2588.com'}}}
DEBUG [2017-09-12 04:13:12,362] org.hibernate.SQL: 
    /* insert io.budgetapp.model.Budget
        */ insert 
        into
            budgets
            (id, actual, type_id, category_id, name, period_on, projected, user_id) 
        values
            (default, ?, ?, ?, ?, ?, ?, ?)
DEBUG [2017-09-12 04:13:12,364] org.hibernate.SQL: 
    /* insert io.budgetapp.model.BudgetType
        */ insert 
        into
            budget_types
            (id) 
        values
            (default)
DEBUG [2017-09-12 04:13:12,364] io.budgetapp.dao.BudgetDAO: User User{id=3, username='3c8a198d@6cad2588.com'} add budget Budget{id=null, actual=0.0, name='Vehicle Payments', createdAt=null, user=null, category=Category{id=28, name='Transportation', type=EXPENDITURE, createdAt=null, user=User{id=3, username='3c8a198d@6cad2588.com'}}}
DEBUG [2017-09-12 04:13:12,364] org.hibernate.SQL: 
    /* insert io.budgetapp.model.Budget
        */ insert 
        into
            budgets
            (id, actual, type_id, category_id, name, period_on, projected, user_id) 
        values
            (default, ?, ?, ?, ?, ?, ?, ?)
DEBUG [2017-09-12 04:13:12,365] org.hibernate.SQL: 
    /* insert io.budgetapp.model.BudgetType
        */ insert 
        into
            budget_types
            (id) 
        values
            (default)
DEBUG [2017-09-12 04:13:12,365] io.budgetapp.dao.BudgetDAO: User User{id=3, username='3c8a198d@6cad2588.com'} add budget Budget{id=null, actual=0.0, name='Auto Insurance', createdAt=null, user=null, category=Category{id=28, name='Transportation', type=EXPENDITURE, createdAt=null, user=User{id=3, username='3c8a198d@6cad2588.com'}}}
DEBUG [2017-09-12 04:13:12,365] org.hibernate.SQL: 
    /* insert io.budgetapp.model.Budget
        */ insert 
        into
            budgets
            (id, actual, type_id, category_id, name, period_on, projected, user_id) 
        values
            (default, ?, ?, ?, ?, ?, ?, ?)
DEBUG [2017-09-12 04:13:12,402] org.hibernate.SQL: 
    /* insert io.budgetapp.model.BudgetType
        */ insert 
        into
            budget_types
            (id) 
        values
            (default)
DEBUG [2017-09-12 04:13:12,402] io.budgetapp.dao.BudgetDAO: User User{id=3, username='3c8a198d@6cad2588.com'} add budget Budget{id=null, actual=0.0, name='Fuel', createdAt=null, user=null, category=Category{id=28, name='Transportation', type=EXPENDITURE, createdAt=null, user=User{id=3, username='3c8a198d@6cad2588.com'}}}
DEBUG [2017-09-12 04:13:12,402] org.hibernate.SQL: 
    /* insert io.budgetapp.model.Budget
        */ insert 
        into
            budgets
            (id, actual, type_id, category_id, name, period_on, projected, user_id) 
        values
            (default, ?, ?, ?, ?, ?, ?, ?)
DEBUG [2017-09-12 04:13:12,404] org.hibernate.SQL: 
    /* insert io.budgetapp.model.BudgetType
        */ insert 
        into
            budget_types
            (id) 
        values
            (default)
DEBUG [2017-09-12 04:13:12,404] io.budgetapp.dao.BudgetDAO: User User{id=3, username='3c8a198d@6cad2588.com'} add budget Budget{id=null, actual=0.0, name='Bus/Taxi/Train Fare', createdAt=null, user=null, category=Category{id=28, name='Transportation', type=EXPENDITURE, createdAt=null, user=User{id=3, username='3c8a198d@6cad2588.com'}}}
DEBUG [2017-09-12 04:13:12,404] org.hibernate.SQL: 
    /* insert io.budgetapp.model.Budget
        */ insert 
        into
            budgets
            (id, actual, type_id, category_id, name, period_on, projected, user_id) 
        values
            (default, ?, ?, ?, ?, ?, ?, ?)
DEBUG [2017-09-12 04:13:12,405] org.hibernate.SQL: 
    /* insert io.budgetapp.model.BudgetType
        */ insert 
        into
            budget_types
            (id) 
        values
            (default)
DEBUG [2017-09-12 04:13:12,413] io.budgetapp.dao.BudgetDAO: User User{id=3, username='3c8a198d@6cad2588.com'} add budget Budget{id=null, actual=0.0, name='Repairs', createdAt=null, user=null, category=Category{id=28, name='Transportation', type=EXPENDITURE, createdAt=null, user=User{id=3, username='3c8a198d@6cad2588.com'}}}
DEBUG [2017-09-12 04:13:12,413] org.hibernate.SQL: 
    /* insert io.budgetapp.model.Budget
        */ insert 
        into
            budgets
            (id, actual, type_id, category_id, name, period_on, projected, user_id) 
        values
            (default, ?, ?, ?, ?, ?, ?, ?)
DEBUG [2017-09-12 04:13:12,421] org.hibernate.SQL: 
    /* insert io.budgetapp.model.BudgetType
        */ insert 
        into
            budget_types
            (id) 
        values
            (default)
DEBUG [2017-09-12 04:13:12,421] io.budgetapp.dao.BudgetDAO: User User{id=3, username='3c8a198d@6cad2588.com'} add budget Budget{id=null, actual=0.0, name='Registration/License', createdAt=null, user=null, category=Category{id=28, name='Transportation', type=EXPENDITURE, createdAt=null, user=User{id=3, username='3c8a198d@6cad2588.com'}}}
DEBUG [2017-09-12 04:13:12,422] org.hibernate.SQL: 
    /* insert io.budgetapp.model.Budget
        */ insert 
        into
            budgets
            (id, actual, type_id, category_id, name, period_on, projected, user_id) 
        values
            (default, ?, ?, ?, ?, ?, ?, ?)
DEBUG [2017-09-12 04:13:12,431] org.hibernate.SQL: 
    /* insert io.budgetapp.model.BudgetType
        */ insert 
        into
            budget_types
            (id) 
        values
            (default)
DEBUG [2017-09-12 04:13:12,432] io.budgetapp.dao.BudgetDAO: User User{id=3, username='3c8a198d@6cad2588.com'} add budget Budget{id=null, actual=0.0, name='Health Insurance', createdAt=null, user=null, category=Category{id=29, name='Health', type=EXPENDITURE, createdAt=null, user=User{id=3, username='3c8a198d@6cad2588.com'}}}
DEBUG [2017-09-12 04:13:12,432] org.hibernate.SQL: 
    /* insert io.budgetapp.model.Budget
        */ insert 
        into
            budgets
            (id, actual, type_id, category_id, name, period_on, projected, user_id) 
        values
            (default, ?, ?, ?, ?, ?, ?, ?)
DEBUG [2017-09-12 04:13:12,435] org.hibernate.SQL: 
    /* insert io.budgetapp.model.BudgetType
        */ insert 
        into
            budget_types
            (id) 
        values
            (default)
DEBUG [2017-09-12 04:13:12,436] io.budgetapp.dao.BudgetDAO: User User{id=3, username='3c8a198d@6cad2588.com'} add budget Budget{id=null, actual=0.0, name='Doctor/Dentist', createdAt=null, user=null, category=Category{id=29, name='Health', type=EXPENDITURE, createdAt=null, user=User{id=3, username='3c8a198d@6cad2588.com'}}}
DEBUG [2017-09-12 04:13:12,436] org.hibernate.SQL: 
    /* insert io.budgetapp.model.Budget
        */ insert 
        into
            budgets
            (id, actual, type_id, category_id, name, period_on, projected, user_id) 
        values
            (default, ?, ?, ?, ?, ?, ?, ?)
DEBUG [2017-09-12 04:13:12,436] org.hibernate.SQL: 
    /* insert io.budgetapp.model.BudgetType
        */ insert 
        into
            budget_types
            (id) 
        values
            (default)
DEBUG [2017-09-12 04:13:12,437] io.budgetapp.dao.BudgetDAO: User User{id=3, username='3c8a198d@6cad2588.com'} add budget Budget{id=null, actual=0.0, name='Medicine/Drugs', createdAt=null, user=null, category=Category{id=29, name='Health', type=EXPENDITURE, createdAt=null, user=User{id=3, username='3c8a198d@6cad2588.com'}}}
DEBUG [2017-09-12 04:13:12,437] org.hibernate.SQL: 
    /* insert io.budgetapp.model.Budget
        */ insert 
        into
            budgets
            (id, actual, type_id, category_id, name, period_on, projected, user_id) 
        values
            (default, ?, ?, ?, ?, ?, ?, ?)
DEBUG [2017-09-12 04:13:12,439] org.hibernate.SQL: 
    /* insert io.budgetapp.model.BudgetType
        */ insert 
        into
            budget_types
            (id) 
        values
            (default)
DEBUG [2017-09-12 04:13:12,439] io.budgetapp.dao.BudgetDAO: User User{id=3, username='3c8a198d@6cad2588.com'} add budget Budget{id=null, actual=0.0, name='Health Club Dues', createdAt=null, user=null, category=Category{id=29, name='Health', type=EXPENDITURE, createdAt=null, user=User{id=3, username='3c8a198d@6cad2588.com'}}}
DEBUG [2017-09-12 04:13:12,442] org.hibernate.SQL: 
    /* insert io.budgetapp.model.Budget
        */ insert 
        into
            budgets
            (id, actual, type_id, category_id, name, period_on, projected, user_id) 
        values
            (default, ?, ?, ?, ?, ?, ?, ?)
DEBUG [2017-09-12 04:13:12,451] org.hibernate.SQL: 
    /* insert io.budgetapp.model.BudgetType
        */ insert 
        into
            budget_types
            (id) 
        values
            (default)
DEBUG [2017-09-12 04:13:12,458] io.budgetapp.dao.BudgetDAO: User User{id=3, username='3c8a198d@6cad2588.com'} add budget Budget{id=null, actual=0.0, name='Life Insurance', createdAt=null, user=null, category=Category{id=29, name='Health', type=EXPENDITURE, createdAt=null, user=User{id=3, username='3c8a198d@6cad2588.com'}}}
DEBUG [2017-09-12 04:13:12,458] org.hibernate.SQL: 
    /* insert io.budgetapp.model.Budget
        */ insert 
        into
            budgets
            (id, actual, type_id, category_id, name, period_on, projected, user_id) 
        values
            (default, ?, ?, ?, ?, ?, ?, ?)
DEBUG [2017-09-12 04:13:12,475] org.hibernate.SQL: 
    /* insert io.budgetapp.model.BudgetType
        */ insert 
        into
            budget_types
            (id) 
        values
            (default)
DEBUG [2017-09-12 04:13:12,479] io.budgetapp.dao.BudgetDAO: User User{id=3, username='3c8a198d@6cad2588.com'} add budget Budget{id=null, actual=0.0, name='Veterinarian/Pet Care', createdAt=null, user=null, category=Category{id=29, name='Health', type=EXPENDITURE, createdAt=null, user=User{id=3, username='3c8a198d@6cad2588.com'}}}
DEBUG [2017-09-12 04:13:12,480] org.hibernate.SQL: 
    /* insert io.budgetapp.model.Budget
        */ insert 
        into
            budgets
            (id, actual, type_id, category_id, name, period_on, projected, user_id) 
        values
            (default, ?, ?, ?, ?, ?, ?, ?)
DEBUG [2017-09-12 04:13:12,498] org.hibernate.SQL: 
    /* insert io.budgetapp.model.BudgetType
        */ insert 
        into
            budget_types
            (id) 
        values
            (default)
DEBUG [2017-09-12 04:13:12,540] io.budgetapp.dao.BudgetDAO: User User{id=3, username='3c8a198d@6cad2588.com'} add budget Budget{id=null, actual=0.0, name='Gifts Given', createdAt=null, user=null, category=Category{id=30, name='Charity/Gifts', type=EXPENDITURE, createdAt=null, user=User{id=3, username='3c8a198d@6cad2588.com'}}}
DEBUG [2017-09-12 04:13:12,541] org.hibernate.SQL: 
    /* insert io.budgetapp.model.Budget
        */ insert 
        into
            budgets
            (id, actual, type_id, category_id, name, period_on, projected, user_id) 
        values
            (default, ?, ?, ?, ?, ?, ?, ?)
DEBUG [2017-09-12 04:13:12,542] org.hibernate.SQL: 
    /* insert io.budgetapp.model.BudgetType
        */ insert 
        into
            budget_types
            (id) 
        values
            (default)
DEBUG [2017-09-12 04:13:12,543] io.budgetapp.dao.BudgetDAO: User User{id=3, username='3c8a198d@6cad2588.com'} add budget Budget{id=null, actual=0.0, name='Charitable Donations', createdAt=null, user=null, category=Category{id=30, name='Charity/Gifts', type=EXPENDITURE, createdAt=null, user=User{id=3, username='3c8a198d@6cad2588.com'}}}
DEBUG [2017-09-12 04:13:12,543] org.hibernate.SQL: 
    /* insert io.budgetapp.model.Budget
        */ insert 
        into
            budgets
            (id, actual, type_id, category_id, name, period_on, projected, user_id) 
        values
            (default, ?, ?, ?, ?, ?, ?, ?)
DEBUG [2017-09-12 04:13:12,544] org.hibernate.SQL: 
    /* insert io.budgetapp.model.BudgetType
        */ insert 
        into
            budget_types
            (id) 
        values
            (default)
DEBUG [2017-09-12 04:13:12,544] io.budgetapp.dao.BudgetDAO: User User{id=3, username='3c8a198d@6cad2588.com'} add budget Budget{id=null, actual=0.0, name='Religious Donations', createdAt=null, user=null, category=Category{id=30, name='Charity/Gifts', type=EXPENDITURE, createdAt=null, user=User{id=3, username='3c8a198d@6cad2588.com'}}}
DEBUG [2017-09-12 04:13:12,544] org.hibernate.SQL: 
    /* insert io.budgetapp.model.Budget
        */ insert 
        into
            budgets
            (id, actual, type_id, category_id, name, period_on, projected, user_id) 
        values
            (default, ?, ?, ?, ?, ?, ?, ?)
DEBUG [2017-09-12 04:13:12,545] org.hibernate.SQL: 
    /* insert io.budgetapp.model.BudgetType
        */ insert 
        into
            budget_types
            (id) 
        values
            (default)
DEBUG [2017-09-12 04:13:12,545] io.budgetapp.dao.BudgetDAO: User User{id=3, username='3c8a198d@6cad2588.com'} add budget Budget{id=null, actual=0.0, name='Groceries', createdAt=null, user=null, category=Category{id=31, name='Daily Living', type=EXPENDITURE, createdAt=null, user=User{id=3, username='3c8a198d@6cad2588.com'}}}
DEBUG [2017-09-12 04:13:12,545] org.hibernate.SQL: 
    /* insert io.budgetapp.model.Budget
        */ insert 
        into
            budgets
            (id, actual, type_id, category_id, name, period_on, projected, user_id) 
        values
            (default, ?, ?, ?, ?, ?, ?, ?)
DEBUG [2017-09-12 04:13:12,545] org.hibernate.SQL: 
    /* insert io.budgetapp.model.BudgetType
        */ insert 
        into
            budget_types
            (id) 
        values
            (default)
DEBUG [2017-09-12 04:13:12,545] io.budgetapp.dao.BudgetDAO: User User{id=3, username='3c8a198d@6cad2588.com'} add budget Budget{id=null, actual=0.0, name='Personal Supplies', createdAt=null, user=null, category=Category{id=31, name='Daily Living', type=EXPENDITURE, createdAt=null, user=User{id=3, username='3c8a198d@6cad2588.com'}}}
DEBUG [2017-09-12 04:13:12,545] org.hibernate.SQL: 
    /* insert io.budgetapp.model.Budget
        */ insert 
        into
            budgets
            (id, actual, type_id, category_id, name, period_on, projected, user_id) 
        values
            (default, ?, ?, ?, ?, ?, ?, ?)
DEBUG [2017-09-12 04:13:12,549] org.hibernate.SQL: 
    /* insert io.budgetapp.model.BudgetType
        */ insert 
        into
            budget_types
            (id) 
        values
            (default)
DEBUG [2017-09-12 04:13:12,549] io.budgetapp.dao.BudgetDAO: User User{id=3, username='3c8a198d@6cad2588.com'} add budget Budget{id=null, actual=0.0, name='Clothing', createdAt=null, user=null, category=Category{id=31, name='Daily Living', type=EXPENDITURE, createdAt=null, user=User{id=3, username='3c8a198d@6cad2588.com'}}}
DEBUG [2017-09-12 04:13:12,549] org.hibernate.SQL: 
    /* insert io.budgetapp.model.Budget
        */ insert 
        into
            budgets
            (id, actual, type_id, category_id, name, period_on, projected, user_id) 
        values
            (default, ?, ?, ?, ?, ?, ?, ?)
DEBUG [2017-09-12 04:13:12,551] org.hibernate.SQL: 
    /* insert io.budgetapp.model.BudgetType
        */ insert 
        into
            budget_types
            (id) 
        values
            (default)
DEBUG [2017-09-12 04:13:12,551] io.budgetapp.dao.BudgetDAO: User User{id=3, username='3c8a198d@6cad2588.com'} add budget Budget{id=null, actual=0.0, name='Cleaning', createdAt=null, user=null, category=Category{id=31, name='Daily Living', type=EXPENDITURE, createdAt=null, user=User{id=3, username='3c8a198d@6cad2588.com'}}}
DEBUG [2017-09-12 04:13:12,551] org.hibernate.SQL: 
    /* insert io.budgetapp.model.Budget
        */ insert 
        into
            budgets
            (id, actual, type_id, category_id, name, period_on, projected, user_id) 
        values
            (default, ?, ?, ?, ?, ?, ?, ?)
DEBUG [2017-09-12 04:13:12,553] org.hibernate.SQL: 
    /* insert io.budgetapp.model.BudgetType
        */ insert 
        into
            budget_types
            (id) 
        values
            (default)
DEBUG [2017-09-12 04:13:12,554] io.budgetapp.dao.BudgetDAO: User User{id=3, username='3c8a198d@6cad2588.com'} add budget Budget{id=null, actual=0.0, name='Education/Lessons', createdAt=null, user=null, category=Category{id=31, name='Daily Living', type=EXPENDITURE, createdAt=null, user=User{id=3, username='3c8a198d@6cad2588.com'}}}
DEBUG [2017-09-12 04:13:12,554] org.hibernate.SQL: 
    /* insert io.budgetapp.model.Budget
        */ insert 
        into
            budgets
            (id, actual, type_id, category_id, name, period_on, projected, user_id) 
        values
            (default, ?, ?, ?, ?, ?, ?, ?)
DEBUG [2017-09-12 04:13:12,554] org.hibernate.SQL: 
    /* insert io.budgetapp.model.BudgetType
        */ insert 
        into
            budget_types
            (id) 
        values
            (default)
DEBUG [2017-09-12 04:13:12,555] io.budgetapp.dao.BudgetDAO: User User{id=3, username='3c8a198d@6cad2588.com'} add budget Budget{id=null, actual=0.0, name='Dining/Eating Out', createdAt=null, user=null, category=Category{id=31, name='Daily Living', type=EXPENDITURE, createdAt=null, user=User{id=3, username='3c8a198d@6cad2588.com'}}}
DEBUG [2017-09-12 04:13:12,560] org.hibernate.SQL: 
    /* insert io.budgetapp.model.Budget
        */ insert 
        into
            budgets
            (id, actual, type_id, category_id, name, period_on, projected, user_id) 
        values
            (default, ?, ?, ?, ?, ?, ?, ?)
DEBUG [2017-09-12 04:13:12,561] org.hibernate.SQL: 
    /* insert io.budgetapp.model.BudgetType
        */ insert 
        into
            budget_types
            (id) 
        values
            (default)
DEBUG [2017-09-12 04:13:12,563] io.budgetapp.dao.BudgetDAO: User User{id=3, username='3c8a198d@6cad2588.com'} add budget Budget{id=null, actual=0.0, name='Salon/Barber', createdAt=null, user=null, category=Category{id=31, name='Daily Living', type=EXPENDITURE, createdAt=null, user=User{id=3, username='3c8a198d@6cad2588.com'}}}
DEBUG [2017-09-12 04:13:12,563] org.hibernate.SQL: 
    /* insert io.budgetapp.model.Budget
        */ insert 
        into
            budgets
            (id, actual, type_id, category_id, name, period_on, projected, user_id) 
        values
            (default, ?, ?, ?, ?, ?, ?, ?)
DEBUG [2017-09-12 04:13:12,564] org.hibernate.SQL: 
    /* insert io.budgetapp.model.BudgetType
        */ insert 
        into
            budget_types
            (id) 
        values
            (default)
DEBUG [2017-09-12 04:13:12,564] io.budgetapp.dao.BudgetDAO: User User{id=3, username='3c8a198d@6cad2588.com'} add budget Budget{id=null, actual=0.0, name='Pet Food', createdAt=null, user=null, category=Category{id=31, name='Daily Living', type=EXPENDITURE, createdAt=null, user=User{id=3, username='3c8a198d@6cad2588.com'}}}
DEBUG [2017-09-12 04:13:12,564] org.hibernate.SQL: 
    /* insert io.budgetapp.model.Budget
        */ insert 
        into
            budgets
            (id, actual, type_id, category_id, name, period_on, projected, user_id) 
        values
            (default, ?, ?, ?, ?, ?, ?, ?)
DEBUG [2017-09-12 04:13:12,565] org.hibernate.SQL: 
    /* insert io.budgetapp.model.BudgetType
        */ insert 
        into
            budget_types
            (id) 
        values
            (default)
DEBUG [2017-09-12 04:13:12,565] io.budgetapp.dao.BudgetDAO: User User{id=3, username='3c8a198d@6cad2588.com'} add budget Budget{id=null, actual=0.0, name='Videos/DVDs', createdAt=null, user=null, category=Category{id=32, name='Entertainment', type=EXPENDITURE, createdAt=null, user=User{id=3, username='3c8a198d@6cad2588.com'}}}
DEBUG [2017-09-12 04:13:12,565] org.hibernate.SQL: 
    /* insert io.budgetapp.model.Budget
        */ insert 
        into
            budgets
            (id, actual, type_id, category_id, name, period_on, projected, user_id) 
        values
            (default, ?, ?, ?, ?, ?, ?, ?)
DEBUG [2017-09-12 04:13:12,565] org.hibernate.SQL: 
    /* insert io.budgetapp.model.BudgetType
        */ insert 
        into
            budget_types
            (id) 
        values
            (default)
DEBUG [2017-09-12 04:13:12,574] io.budgetapp.dao.BudgetDAO: User User{id=3, username='3c8a198d@6cad2588.com'} add budget Budget{id=null, actual=0.0, name='Music', createdAt=null, user=null, category=Category{id=32, name='Entertainment', type=EXPENDITURE, createdAt=null, user=User{id=3, username='3c8a198d@6cad2588.com'}}}
DEBUG [2017-09-12 04:13:12,575] org.hibernate.SQL: 
    /* insert io.budgetapp.model.Budget
        */ insert 
        into
            budgets
            (id, actual, type_id, category_id, name, period_on, projected, user_id) 
        values
            (default, ?, ?, ?, ?, ?, ?, ?)
DEBUG [2017-09-12 04:13:12,575] org.hibernate.SQL: 
    /* insert io.budgetapp.model.BudgetType
        */ insert 
        into
            budget_types
            (id) 
        values
            (default)
DEBUG [2017-09-12 04:13:12,575] io.budgetapp.dao.BudgetDAO: User User{id=3, username='3c8a198d@6cad2588.com'} add budget Budget{id=null, actual=0.0, name='Games', createdAt=null, user=null, category=Category{id=32, name='Entertainment', type=EXPENDITURE, createdAt=null, user=User{id=3, username='3c8a198d@6cad2588.com'}}}
DEBUG [2017-09-12 04:13:12,575] org.hibernate.SQL: 
    /* insert io.budgetapp.model.Budget
        */ insert 
        into
            budgets
            (id, actual, type_id, category_id, name, period_on, projected, user_id) 
        values
            (default, ?, ?, ?, ?, ?, ?, ?)
DEBUG [2017-09-12 04:13:12,576] org.hibernate.SQL: 
    /* insert io.budgetapp.model.BudgetType
        */ insert 
        into
            budget_types
            (id) 
        values
            (default)
DEBUG [2017-09-12 04:13:12,576] io.budgetapp.dao.BudgetDAO: User User{id=3, username='3c8a198d@6cad2588.com'} add budget Budget{id=null, actual=0.0, name='Rentals', createdAt=null, user=null, category=Category{id=32, name='Entertainment', type=EXPENDITURE, createdAt=null, user=User{id=3, username='3c8a198d@6cad2588.com'}}}
DEBUG [2017-09-12 04:13:12,576] org.hibernate.SQL: 
    /* insert io.budgetapp.model.Budget
        */ insert 
        into
            budgets
            (id, actual, type_id, category_id, name, period_on, projected, user_id) 
        values
            (default, ?, ?, ?, ?, ?, ?, ?)
DEBUG [2017-09-12 04:13:12,596] org.hibernate.SQL: 
    /* insert io.budgetapp.model.BudgetType
        */ insert 
        into
            budget_types
            (id) 
        values
            (default)
DEBUG [2017-09-12 04:13:12,596] io.budgetapp.dao.BudgetDAO: User User{id=3, username='3c8a198d@6cad2588.com'} add budget Budget{id=null, actual=0.0, name='Movies/Theater', createdAt=null, user=null, category=Category{id=32, name='Entertainment', type=EXPENDITURE, createdAt=null, user=User{id=3, username='3c8a198d@6cad2588.com'}}}
DEBUG [2017-09-12 04:13:12,596] org.hibernate.SQL: 
    /* insert io.budgetapp.model.Budget
        */ insert 
        into
            budgets
            (id, actual, type_id, category_id, name, period_on, projected, user_id) 
        values
            (default, ?, ?, ?, ?, ?, ?, ?)
DEBUG [2017-09-12 04:13:12,597] org.hibernate.SQL: 
    /* insert io.budgetapp.model.BudgetType
        */ insert 
        into
            budget_types
            (id) 
        values
            (default)
DEBUG [2017-09-12 04:13:12,597] io.budgetapp.dao.BudgetDAO: User User{id=3, username='3c8a198d@6cad2588.com'} add budget Budget{id=null, actual=0.0, name='Concerts/Plays', createdAt=null, user=null, category=Category{id=32, name='Entertainment', type=EXPENDITURE, createdAt=null, user=User{id=3, username='3c8a198d@6cad2588.com'}}}
DEBUG [2017-09-12 04:13:12,711] org.hibernate.SQL: 
    /* insert io.budgetapp.model.Budget
        */ insert 
        into
            budgets
            (id, actual, type_id, category_id, name, period_on, projected, user_id) 
        values
            (default, ?, ?, ?, ?, ?, ?, ?)
DEBUG [2017-09-12 04:13:12,712] org.hibernate.SQL: 
    /* insert io.budgetapp.model.BudgetType
        */ insert 
        into
            budget_types
            (id) 
        values
            (default)
DEBUG [2017-09-12 04:13:12,713] io.budgetapp.dao.BudgetDAO: User User{id=3, username='3c8a198d@6cad2588.com'} add budget Budget{id=null, actual=0.0, name='Books', createdAt=null, user=null, category=Category{id=32, name='Entertainment', type=EXPENDITURE, createdAt=null, user=User{id=3, username='3c8a198d@6cad2588.com'}}}
DEBUG [2017-09-12 04:13:12,713] org.hibernate.SQL: 
    /* insert io.budgetapp.model.Budget
        */ insert 
        into
            budgets
            (id, actual, type_id, category_id, name, period_on, projected, user_id) 
        values
            (default, ?, ?, ?, ?, ?, ?, ?)
DEBUG [2017-09-12 04:13:12,716] org.hibernate.SQL: 
    /* insert io.budgetapp.model.BudgetType
        */ insert 
        into
            budget_types
            (id) 
        values
            (default)
DEBUG [2017-09-12 04:13:12,716] io.budgetapp.dao.BudgetDAO: User User{id=3, username='3c8a198d@6cad2588.com'} add budget Budget{id=null, actual=0.0, name='Hobbies', createdAt=null, user=null, category=Category{id=32, name='Entertainment', type=EXPENDITURE, createdAt=null, user=User{id=3, username='3c8a198d@6cad2588.com'}}}
DEBUG [2017-09-12 04:13:12,717] org.hibernate.SQL: 
    /* insert io.budgetapp.model.Budget
        */ insert 
        into
            budgets
            (id, actual, type_id, category_id, name, period_on, projected, user_id) 
        values
            (default, ?, ?, ?, ?, ?, ?, ?)
DEBUG [2017-09-12 04:13:12,717] org.hibernate.SQL: 
    /* insert io.budgetapp.model.BudgetType
        */ insert 
        into
            budget_types
            (id) 
        values
            (default)
DEBUG [2017-09-12 04:13:12,718] io.budgetapp.dao.BudgetDAO: User User{id=3, username='3c8a198d@6cad2588.com'} add budget Budget{id=null, actual=0.0, name='Film/Photos', createdAt=null, user=null, category=Category{id=32, name='Entertainment', type=EXPENDITURE, createdAt=null, user=User{id=3, username='3c8a198d@6cad2588.com'}}}
DEBUG [2017-09-12 04:13:12,719] org.hibernate.SQL: 
    /* insert io.budgetapp.model.Budget
        */ insert 
        into
            budgets
            (id, actual, type_id, category_id, name, period_on, projected, user_id) 
        values
            (default, ?, ?, ?, ?, ?, ?, ?)
DEBUG [2017-09-12 04:13:12,720] org.hibernate.SQL: 
    /* insert io.budgetapp.model.BudgetType
        */ insert 
        into
            budget_types
            (id) 
        values
            (default)
DEBUG [2017-09-12 04:13:12,720] io.budgetapp.dao.BudgetDAO: User User{id=3, username='3c8a198d@6cad2588.com'} add budget Budget{id=null, actual=0.0, name='Sports', createdAt=null, user=null, category=Category{id=32, name='Entertainment', type=EXPENDITURE, createdAt=null, user=User{id=3, username='3c8a198d@6cad2588.com'}}}
DEBUG [2017-09-12 04:13:12,721] org.hibernate.SQL: 
    /* insert io.budgetapp.model.Budget
        */ insert 
        into
            budgets
            (id, actual, type_id, category_id, name, period_on, projected, user_id) 
        values
            (default, ?, ?, ?, ?, ?, ?, ?)
DEBUG [2017-09-12 04:13:12,721] org.hibernate.SQL: 
    /* insert io.budgetapp.model.BudgetType
        */ insert 
        into
            budget_types
            (id) 
        values
            (default)
DEBUG [2017-09-12 04:13:12,722] io.budgetapp.dao.BudgetDAO: User User{id=3, username='3c8a198d@6cad2588.com'} add budget Budget{id=null, actual=0.0, name='Outdoor Recreation', createdAt=null, user=null, category=Category{id=32, name='Entertainment', type=EXPENDITURE, createdAt=null, user=User{id=3, username='3c8a198d@6cad2588.com'}}}
DEBUG [2017-09-12 04:13:12,722] org.hibernate.SQL: 
    /* insert io.budgetapp.model.Budget
        */ insert 
        into
            budgets
            (id, actual, type_id, category_id, name, period_on, projected, user_id) 
        values
            (default, ?, ?, ?, ?, ?, ?, ?)
DEBUG [2017-09-12 04:13:12,724] org.hibernate.SQL: 
    /* insert io.budgetapp.model.BudgetType
        */ insert 
        into
            budget_types
            (id) 
        values
            (default)
DEBUG [2017-09-12 04:13:12,725] io.budgetapp.dao.BudgetDAO: User User{id=3, username='3c8a198d@6cad2588.com'} add budget Budget{id=null, actual=0.0, name='Toys/Gadgets', createdAt=null, user=null, category=Category{id=32, name='Entertainment', type=EXPENDITURE, createdAt=null, user=User{id=3, username='3c8a198d@6cad2588.com'}}}
DEBUG [2017-09-12 04:13:12,726] org.hibernate.SQL: 
    /* insert io.budgetapp.model.Budget
        */ insert 
        into
            budgets
            (id, actual, type_id, category_id, name, period_on, projected, user_id) 
        values
            (default, ?, ?, ?, ?, ?, ?, ?)
DEBUG [2017-09-12 04:13:12,727] org.hibernate.SQL: 
    /* insert io.budgetapp.model.BudgetType
        */ insert 
        into
            budget_types
            (id) 
        values
            (default)
DEBUG [2017-09-12 04:13:12,728] io.budgetapp.dao.BudgetDAO: User User{id=3, username='3c8a198d@6cad2588.com'} add budget Budget{id=null, actual=0.0, name='Vacation/Travel', createdAt=null, user=null, category=Category{id=32, name='Entertainment', type=EXPENDITURE, createdAt=null, user=User{id=3, username='3c8a198d@6cad2588.com'}}}
DEBUG [2017-09-12 04:13:12,728] org.hibernate.SQL: 
    /* insert io.budgetapp.model.Budget
        */ insert 
        into
            budgets
            (id, actual, type_id, category_id, name, period_on, projected, user_id) 
        values
            (default, ?, ?, ?, ?, ?, ?, ?)
DEBUG [2017-09-12 04:13:12,732] org.hibernate.SQL: 
    /* insert io.budgetapp.model.BudgetType
        */ insert 
        into
            budget_types
            (id) 
        values
            (default)
DEBUG [2017-09-12 04:13:12,732] io.budgetapp.dao.BudgetDAO: User User{id=3, username='3c8a198d@6cad2588.com'} add budget Budget{id=null, actual=0.0, name='Emergency Fund', createdAt=null, user=null, category=Category{id=33, name='Savings', type=EXPENDITURE, createdAt=null, user=User{id=3, username='3c8a198d@6cad2588.com'}}}
DEBUG [2017-09-12 04:13:12,733] org.hibernate.SQL: 
    /* insert io.budgetapp.model.Budget
        */ insert 
        into
            budgets
            (id, actual, type_id, category_id, name, period_on, projected, user_id) 
        values
            (default, ?, ?, ?, ?, ?, ?, ?)
DEBUG [2017-09-12 04:13:12,741] org.hibernate.SQL: 
    /* insert io.budgetapp.model.BudgetType
        */ insert 
        into
            budget_types
            (id) 
        values
            (default)
DEBUG [2017-09-12 04:13:12,741] io.budgetapp.dao.BudgetDAO: User User{id=3, username='3c8a198d@6cad2588.com'} add budget Budget{id=null, actual=0.0, name='Transfer to Savings', createdAt=null, user=null, category=Category{id=33, name='Savings', type=EXPENDITURE, createdAt=null, user=User{id=3, username='3c8a198d@6cad2588.com'}}}
DEBUG [2017-09-12 04:13:12,742] org.hibernate.SQL: 
    /* insert io.budgetapp.model.Budget
        */ insert 
        into
            budgets
            (id, actual, type_id, category_id, name, period_on, projected, user_id) 
        values
            (default, ?, ?, ?, ?, ?, ?, ?)
DEBUG [2017-09-12 04:13:12,743] org.hibernate.SQL: 
    /* insert io.budgetapp.model.BudgetType
        */ insert 
        into
            budget_types
            (id) 
        values
            (default)
DEBUG [2017-09-12 04:13:12,744] io.budgetapp.dao.BudgetDAO: User User{id=3, username='3c8a198d@6cad2588.com'} add budget Budget{id=null, actual=0.0, name='Retirement (401k, IRA)', createdAt=null, user=null, category=Category{id=33, name='Savings', type=EXPENDITURE, createdAt=null, user=User{id=3, username='3c8a198d@6cad2588.com'}}}
DEBUG [2017-09-12 04:13:12,744] org.hibernate.SQL: 
    /* insert io.budgetapp.model.Budget
        */ insert 
        into
            budgets
            (id, actual, type_id, category_id, name, period_on, projected, user_id) 
        values
            (default, ?, ?, ?, ?, ?, ?, ?)
DEBUG [2017-09-12 04:13:12,745] org.hibernate.SQL: 
    /* insert io.budgetapp.model.BudgetType
        */ insert 
        into
            budget_types
            (id) 
        values
            (default)
DEBUG [2017-09-12 04:13:12,746] io.budgetapp.dao.BudgetDAO: User User{id=3, username='3c8a198d@6cad2588.com'} add budget Budget{id=null, actual=0.0, name='Investments', createdAt=null, user=null, category=Category{id=33, name='Savings', type=EXPENDITURE, createdAt=null, user=User{id=3, username='3c8a198d@6cad2588.com'}}}
DEBUG [2017-09-12 04:13:12,746] org.hibernate.SQL: 
    /* insert io.budgetapp.model.Budget
        */ insert 
        into
            budgets
            (id, actual, type_id, category_id, name, period_on, projected, user_id) 
        values
            (default, ?, ?, ?, ?, ?, ?, ?)
DEBUG [2017-09-12 04:13:12,748] org.hibernate.SQL: 
    /* insert io.budgetapp.model.BudgetType
        */ insert 
        into
            budget_types
            (id) 
        values
            (default)
DEBUG [2017-09-12 04:13:12,749] io.budgetapp.dao.BudgetDAO: User User{id=3, username='3c8a198d@6cad2588.com'} add budget Budget{id=null, actual=0.0, name='Education', createdAt=null, user=null, category=Category{id=33, name='Savings', type=EXPENDITURE, createdAt=null, user=User{id=3, username='3c8a198d@6cad2588.com'}}}
DEBUG [2017-09-12 04:13:12,749] org.hibernate.SQL: 
    /* insert io.budgetapp.model.Budget
        */ insert 
        into
            budgets
            (id, actual, type_id, category_id, name, period_on, projected, user_id) 
        values
            (default, ?, ?, ?, ?, ?, ?, ?)
DEBUG [2017-09-12 04:13:12,750] org.hibernate.SQL: 
    /* insert io.budgetapp.model.BudgetType
        */ insert 
        into
            budget_types
            (id) 
        values
            (default)
DEBUG [2017-09-12 04:13:12,751] io.budgetapp.dao.BudgetDAO: User User{id=3, username='3c8a198d@6cad2588.com'} add budget Budget{id=null, actual=0.0, name='Student Loan', createdAt=null, user=null, category=Category{id=34, name='Obligations', type=EXPENDITURE, createdAt=null, user=User{id=3, username='3c8a198d@6cad2588.com'}}}
DEBUG [2017-09-12 04:13:12,751] org.hibernate.SQL: 
    /* insert io.budgetapp.model.Budget
        */ insert 
        into
            budgets
            (id, actual, type_id, category_id, name, period_on, projected, user_id) 
        values
            (default, ?, ?, ?, ?, ?, ?, ?)
DEBUG [2017-09-12 04:13:12,752] org.hibernate.SQL: 
    /* insert io.budgetapp.model.BudgetType
        */ insert 
        into
            budget_types
            (id) 
        values
            (default)
DEBUG [2017-09-12 04:13:12,753] io.budgetapp.dao.BudgetDAO: User User{id=3, username='3c8a198d@6cad2588.com'} add budget Budget{id=null, actual=0.0, name='Other Loan', createdAt=null, user=null, category=Category{id=34, name='Obligations', type=EXPENDITURE, createdAt=null, user=User{id=3, username='3c8a198d@6cad2588.com'}}}
DEBUG [2017-09-12 04:13:12,753] org.hibernate.SQL: 
    /* insert io.budgetapp.model.Budget
        */ insert 
        into
            budgets
            (id, actual, type_id, category_id, name, period_on, projected, user_id) 
        values
            (default, ?, ?, ?, ?, ?, ?, ?)
DEBUG [2017-09-12 04:13:12,754] org.hibernate.SQL: 
    /* insert io.budgetapp.model.BudgetType
        */ insert 
        into
            budget_types
            (id) 
        values
            (default)
DEBUG [2017-09-12 04:13:12,755] io.budgetapp.dao.BudgetDAO: User User{id=3, username='3c8a198d@6cad2588.com'} add budget Budget{id=null, actual=0.0, name='Credit Cards', createdAt=null, user=null, category=Category{id=34, name='Obligations', type=EXPENDITURE, createdAt=null, user=User{id=3, username='3c8a198d@6cad2588.com'}}}
DEBUG [2017-09-12 04:13:12,755] org.hibernate.SQL: 
    /* insert io.budgetapp.model.Budget
        */ insert 
        into
            budgets
            (id, actual, type_id, category_id, name, period_on, projected, user_id) 
        values
            (default, ?, ?, ?, ?, ?, ?, ?)
DEBUG [2017-09-12 04:13:12,756] org.hibernate.SQL: 
    /* insert io.budgetapp.model.BudgetType
        */ insert 
        into
            budget_types
            (id) 
        values
            (default)
DEBUG [2017-09-12 04:13:12,757] io.budgetapp.dao.BudgetDAO: User User{id=3, username='3c8a198d@6cad2588.com'} add budget Budget{id=null, actual=0.0, name='Alimony/Child Care', createdAt=null, user=null, category=Category{id=34, name='Obligations', type=EXPENDITURE, createdAt=null, user=User{id=3, username='3c8a198d@6cad2588.com'}}}
DEBUG [2017-09-12 04:13:12,757] org.hibernate.SQL: 
    /* insert io.budgetapp.model.Budget
        */ insert 
        into
            budgets
            (id, actual, type_id, category_id, name, period_on, projected, user_id) 
        values
            (default, ?, ?, ?, ?, ?, ?, ?)
DEBUG [2017-09-12 04:13:12,759] org.hibernate.SQL: 
    /* insert io.budgetapp.model.BudgetType
        */ insert 
        into
            budget_types
            (id) 
        values
            (default)
DEBUG [2017-09-12 04:13:12,760] io.budgetapp.dao.BudgetDAO: User User{id=3, username='3c8a198d@6cad2588.com'} add budget Budget{id=null, actual=0.0, name='Federal Taxes', createdAt=null, user=null, category=Category{id=34, name='Obligations', type=EXPENDITURE, createdAt=null, user=User{id=3, username='3c8a198d@6cad2588.com'}}}
DEBUG [2017-09-12 04:13:12,760] org.hibernate.SQL: 
    /* insert io.budgetapp.model.Budget
        */ insert 
        into
            budgets
            (id, actual, type_id, category_id, name, period_on, projected, user_id) 
        values
            (default, ?, ?, ?, ?, ?, ?, ?)
DEBUG [2017-09-12 04:13:12,762] org.hibernate.SQL: 
    /* insert io.budgetapp.model.BudgetType
        */ insert 
        into
            budget_types
            (id) 
        values
            (default)
DEBUG [2017-09-12 04:13:12,763] io.budgetapp.dao.BudgetDAO: User User{id=3, username='3c8a198d@6cad2588.com'} add budget Budget{id=null, actual=0.0, name='State/Local Taxes', createdAt=null, user=null, category=Category{id=34, name='Obligations', type=EXPENDITURE, createdAt=null, user=User{id=3, username='3c8a198d@6cad2588.com'}}}
DEBUG [2017-09-12 04:13:12,765] org.hibernate.SQL: 
    /* insert io.budgetapp.model.Budget
        */ insert 
        into
            budgets
            (id, actual, type_id, category_id, name, period_on, projected, user_id) 
        values
            (default, ?, ?, ?, ?, ?, ?, ?)
DEBUG [2017-09-12 04:13:12,766] org.hibernate.SQL: 
    /* insert io.budgetapp.model.BudgetType
        */ insert 
        into
            budget_types
            (id) 
        values
            (default)
DEBUG [2017-09-12 04:13:12,767] io.budgetapp.dao.BudgetDAO: User User{id=3, username='3c8a198d@6cad2588.com'} add budget Budget{id=null, actual=0.0, name='Bank Fees', createdAt=null, user=null, category=Category{id=35, name='Miscellaneous', type=EXPENDITURE, createdAt=null, user=User{id=3, username='3c8a198d@6cad2588.com'}}}
DEBUG [2017-09-12 04:13:12,768] org.hibernate.SQL: 
    /* insert io.budgetapp.model.Budget
        */ insert 
        into
            budgets
            (id, actual, type_id, category_id, name, period_on, projected, user_id) 
        values
            (default, ?, ?, ?, ?, ?, ?, ?)
DEBUG [2017-09-12 04:13:12,769] org.hibernate.SQL: 
    /* insert io.budgetapp.model.BudgetType
        */ insert 
        into
            budget_types
            (id) 
        values
            (default)
DEBUG [2017-09-12 04:13:12,769] io.budgetapp.dao.BudgetDAO: User User{id=3, username='3c8a198d@6cad2588.com'} add budget Budget{id=null, actual=0.0, name='Postage', createdAt=null, user=null, category=Category{id=35, name='Miscellaneous', type=EXPENDITURE, createdAt=null, user=User{id=3, username='3c8a198d@6cad2588.com'}}}
DEBUG [2017-09-12 04:13:12,769] org.hibernate.SQL: 
    /* insert io.budgetapp.model.Budget
        */ insert 
        into
            budgets
            (id, actual, type_id, category_id, name, period_on, projected, user_id) 
        values
            (default, ?, ?, ?, ?, ?, ?, ?)
DEBUG [2017-09-12 04:13:12,780] io.budgetapp.resource.ResourceIT: 1 * Client response received on thread Test worker
1 < 201
1 < Content-Length: 177
1 < Content-Type: application/json
1 < Date: Tue, 12 Sep 2017 04:13:12 GMT
1 < Location: http://localhost:9999/api/users/3
{"id":3,"username":"3c8a198d@6cad2588.com","name":null,"createdAt":null,"currency":null,"token":null,"avatar":"https://www.gravatar.com/avatar/43120c74e90b57b5a2651abedbc7f15c"}

DEBUG [2017-09-12 04:13:12,781] io.budgetapp.resource.ResourceIT: 2 * Sending client request on thread Test worker
2 > POST http://localhost:9999/api/users/auth
2 > Accept: application/json
2 > Content-Type: application/json
{"username":"3c8a198d@6cad2588.com","password":"129b6680"}

INFO  [2017-09-12 04:13:12,781] org.hibernate.engine.internal.StatisticalLoggingSessionEventListener: Session Metrics {
    46899 nanoseconds spent acquiring 2 JDBC connections;
    161498 nanoseconds spent releasing 2 JDBC connections;
    106814819 nanoseconds spent preparing 147 JDBC statements;
    34174964 nanoseconds spent executing 147 JDBC statements;
    0 nanoseconds spent executing 0 JDBC batches;
    0 nanoseconds spent performing 0 L2C puts;
    0 nanoseconds spent performing 0 L2C hits;
    0 nanoseconds spent performing 0 L2C misses;
    6369326 nanoseconds spent executing 1 flushes (flushing a total of 145 entities and 0 collections);
    86040 nanoseconds spent executing 2 partial-flushes (flushing a total of 1 entities and 1 collections)
}
127.0.0.1 - - [12/Sep/2017:04:13:12 +0000] "POST /api/users HTTP/1.1" 201 177 "-" "Jersey/2.25.1 (HttpUrlConnection 1.8.0_144)" 454
WARN  [2017-09-12 04:13:12,785] org.hibernate.orm.deprecation: HHH90000022: Hibernate's legacy org.hibernate.Criteria API is deprecated; use the JPA javax.persistence.criteria.CriteriaQuery instead
DEBUG [2017-09-12 04:13:12,785] org.hibernate.SQL: 
    /* criteria query */ select
        this_.id as id1_6_0_,
        this_.created_at as created_2_6_0_,
        this_.currency as currency3_6_0_,
        this_.name as name4_6_0_,
        this_.password as password5_6_0_,
        this_.username as username6_6_0_ 
    from
        users this_ 
    where
        lower(this_.username)=?
WARN  [2017-09-12 04:13:12,787] org.hibernate.orm.deprecation: HHH90000022: Hibernate's legacy org.hibernate.Criteria API is deprecated; use the JPA javax.persistence.criteria.CriteriaQuery instead
DEBUG [2017-09-12 04:13:12,788] org.hibernate.SQL: 
    /* criteria query */ select
        this_.id as id1_0_1_,
        this_.created_at as created_2_0_1_,
        this_.token as token3_0_1_,
        this_.user_id as user_id4_0_1_,
        user2_.id as id1_6_0_,
        user2_.created_at as created_2_6_0_,
        user2_.currency as currency3_6_0_,
        user2_.name as name4_6_0_,
        user2_.password as password5_6_0_,
        user2_.username as username6_6_0_ 
    from
        auth_tokens this_ 
    inner join
        users user2_ 
            on this_.user_id=user2_.id 
    where
        this_.user_id=?
DEBUG [2017-09-12 04:13:12,789] org.hibernate.SQL: 
    /* insert io.budgetapp.model.AuthToken
        */ insert 
        into
            auth_tokens
            (id, token, user_id) 
        values
            (default, ?, ?)
DEBUG [2017-09-12 04:13:12,792] io.budgetapp.resource.ResourceIT: 2 * Client response received on thread Test worker
2 < 200
2 < Content-Length: 220
2 < Content-Type: application/json
2 < Date: Tue, 12 Sep 2017 04:13:12 GMT
{"id":3,"username":"3c8a198d@6cad2588.com","name":null,"createdAt":1505189592339,"currency":null,"token":"9ed5b9a7-d7fc-4d76-aae5-a01d7064f034","avatar":"https://www.gravatar.com/avatar/43120c74e90b57b5a2651abedbc7f15c"}

INFO  [2017-09-12 04:13:12,792] org.hibernate.engine.internal.StatisticalLoggingSessionEventListener: Session Metrics {
    58534 nanoseconds spent acquiring 2 JDBC connections;
    28209 nanoseconds spent releasing 2 JDBC connections;
    1130138 nanoseconds spent preparing 3 JDBC statements;
    224619 nanoseconds spent executing 3 JDBC statements;
    0 nanoseconds spent executing 0 JDBC batches;
    0 nanoseconds spent performing 0 L2C puts;
    0 nanoseconds spent performing 0 L2C hits;
    0 nanoseconds spent performing 0 L2C misses;
    73697 nanoseconds spent executing 1 flushes (flushing a total of 2 entities and 0 collections);
    149509 nanoseconds spent executing 2 partial-flushes (flushing a total of 1 entities and 1 collections)
}
127.0.0.1 - - [12/Sep/2017:04:13:12 +0000] "POST /api/users/auth HTTP/1.1" 200 220 "-" "Jersey/2.25.1 (HttpUrlConnection 1.8.0_144)" 10
DEBUG [2017-09-12 04:13:12,812] io.budgetapp.resource.ResourceIT: 1 * Sending client request on thread Test worker
1 > POST http://localhost:9999/api/categories
1 > Accept: application/json
1 > Authorization: Bearer 9ed5b9a7-d7fc-4d76-aae5-a01d7064f034
1 > Content-Type: application/json
{"id":null,"name":"b3646184","type":"EXPENDITURE","createdAt":null,"user":null}

WARN  [2017-09-12 04:13:12,814] org.hibernate.orm.deprecation: HHH90000022: Hibernate's legacy org.hibernate.Criteria API is deprecated; use the JPA javax.persistence.criteria.CriteriaQuery instead
DEBUG [2017-09-12 04:13:12,814] org.hibernate.SQL: 
    /* criteria query */ select
        this_.id as id1_0_1_,
        this_.created_at as created_2_0_1_,
        this_.token as token3_0_1_,
        this_.user_id as user_id4_0_1_,
        user2_.id as id1_6_0_,
        user2_.created_at as created_2_6_0_,
        user2_.currency as currency3_6_0_,
        user2_.name as name4_6_0_,
        user2_.password as password5_6_0_,
        user2_.username as username6_6_0_ 
    from
        auth_tokens this_ 
    inner join
        users user2_ 
            on this_.user_id=user2_.id 
    where
        this_.token=?
INFO  [2017-09-12 04:13:12,816] org.hibernate.engine.internal.StatisticalLoggingSessionEventListener: Session Metrics {
    44430 nanoseconds spent acquiring 2 JDBC connections;
    26093 nanoseconds spent releasing 2 JDBC connections;
    350854 nanoseconds spent preparing 1 JDBC statements;
    62413 nanoseconds spent executing 1 JDBC statements;
    0 nanoseconds spent executing 0 JDBC batches;
    0 nanoseconds spent performing 0 L2C puts;
    0 nanoseconds spent performing 0 L2C hits;
    0 nanoseconds spent performing 0 L2C misses;
    70171 nanoseconds spent executing 1 flushes (flushing a total of 2 entities and 0 collections);
    4584 nanoseconds spent executing 1 partial-flushes (flushing a total of 0 entities and 0 collections)
}
DEBUG [2017-09-12 04:13:12,822] io.budgetapp.dao.CategoryDAO: Add new category Category{id=null, name='b3646184', type=EXPENDITURE, createdAt=null, user=null}
DEBUG [2017-09-12 04:13:12,822] org.hibernate.SQL: 
    /* insert io.budgetapp.model.Category
        */ insert 
        into
            categories
            (id, name, type, user_id) 
        values
            (default, ?, ?, ?)
DEBUG [2017-09-12 04:13:12,826] io.budgetapp.resource.ResourceIT: 1 * Client response received on thread Test worker
1 < 201
1 < Content-Length: 259
1 < Content-Type: application/json
1 < Date: Tue, 12 Sep 2017 04:13:12 GMT
1 < Location: http://localhost:9999/api/categories/36
{"id":36,"name":"b3646184","type":"EXPENDITURE","createdAt":null,"user":{"id":3,"username":"3c8a198d@6cad2588.com","name":null,"createdAt":1505189592339,"currency":null,"token":null,"avatar":"https://www.gravatar.com/avatar/43120c74e90b57b5a2651abedbc7f15c"}}

DEBUG [2017-09-12 04:13:12,828] io.budgetapp.resource.ResourceIT: 2 * Sending client request on thread Test worker
2 > POST http://localhost:9999/api/budgets
2 > Accept: application/json
2 > Authorization: Bearer 9ed5b9a7-d7fc-4d76-aae5-a01d7064f034
2 > Content-Type: application/json
{"name":"85e5c0d2","projected":0.0,"categoryId":36}

INFO  [2017-09-12 04:13:12,828] org.hibernate.engine.internal.StatisticalLoggingSessionEventListener: Session Metrics {
    98027 nanoseconds spent acquiring 2 JDBC connections;
    69818 nanoseconds spent releasing 2 JDBC connections;
    158678 nanoseconds spent preparing 1 JDBC statements;
    66644 nanoseconds spent executing 1 JDBC statements;
    0 nanoseconds spent executing 0 JDBC batches;
    0 nanoseconds spent performing 0 L2C puts;
    0 nanoseconds spent performing 0 L2C hits;
    0 nanoseconds spent performing 0 L2C misses;
    110722 nanoseconds spent executing 1 flushes (flushing a total of 1 entities and 0 collections);
    0 nanoseconds spent executing 0 partial-flushes (flushing a total of 0 entities and 0 collections)
}
127.0.0.1 - - [12/Sep/2017:04:13:12 +0000] "POST /api/categories HTTP/1.1" 201 259 "-" "Jersey/2.25.1 (HttpUrlConnection 1.8.0_144)" 16
WARN  [2017-09-12 04:13:12,830] org.hibernate.orm.deprecation: HHH90000022: Hibernate's legacy org.hibernate.Criteria API is deprecated; use the JPA javax.persistence.criteria.CriteriaQuery instead
DEBUG [2017-09-12 04:13:12,831] org.hibernate.SQL: 
    /* criteria query */ select
        this_.id as id1_0_1_,
        this_.created_at as created_2_0_1_,
        this_.token as token3_0_1_,
        this_.user_id as user_id4_0_1_,
        user2_.id as id1_6_0_,
        user2_.created_at as created_2_6_0_,
        user2_.currency as currency3_6_0_,
        user2_.name as name4_6_0_,
        user2_.password as password5_6_0_,
        user2_.username as username6_6_0_ 
    from
        auth_tokens this_ 
    inner join
        users user2_ 
            on this_.user_id=user2_.id 
    where
        this_.token=?
INFO  [2017-09-12 04:13:12,833] org.hibernate.engine.internal.StatisticalLoggingSessionEventListener: Session Metrics {
    636827 nanoseconds spent acquiring 2 JDBC connections;
    43725 nanoseconds spent releasing 2 JDBC connections;
    399162 nanoseconds spent preparing 1 JDBC statements;
    69113 nanoseconds spent executing 1 JDBC statements;
    0 nanoseconds spent executing 0 JDBC batches;
    0 nanoseconds spent performing 0 L2C puts;
    0 nanoseconds spent performing 0 L2C hits;
    0 nanoseconds spent performing 0 L2C misses;
    72286 nanoseconds spent executing 1 flushes (flushing a total of 2 entities and 0 collections);
    7405 nanoseconds spent executing 1 partial-flushes (flushing a total of 0 entities and 0 collections)
}
DEBUG [2017-09-12 04:13:12,840] org.hibernate.SQL: 
    /* insert io.budgetapp.model.BudgetType
        */ insert 
        into
            budget_types
            (id) 
        values
            (default)
DEBUG [2017-09-12 04:13:12,841] io.budgetapp.dao.BudgetDAO: User User{id=3, username='3c8a198d@6cad2588.com'} add budget Budget{id=null, actual=0.0, name='85e5c0d2', createdAt=null, user=null, category=Category{id=36, name='null', type=null, createdAt=null, user=null}}
DEBUG [2017-09-12 04:13:12,841] org.hibernate.SQL: 
    /* insert io.budgetapp.model.Budget
        */ insert 
        into
            budgets
            (id, actual, type_id, category_id, name, period_on, projected, user_id) 
        values
            (default, ?, ?, ?, ?, ?, ?, ?)
DEBUG [2017-09-12 04:13:12,845] io.budgetapp.resource.ResourceIT: 2 * Client response received on thread Test worker
2 < 201
2 < Content-Length: 212
2 < Content-Type: application/json
2 < Date: Tue, 12 Sep 2017 04:13:12 GMT
2 < Location: http://localhost:9999/api/budgets/209
{"id":209,"name":"85e5c0d2","projected":0.0,"actual":0.0,"period":1504242000000,"createdAt":null,"category":{"id":36,"name":null,"type":null,"createdAt":null,"user":null},"budgetType":{"id":209,"createdAt":null}}

DEBUG [2017-09-12 04:13:12,846] io.budgetapp.resource.ResourceIT: 3 * Sending client request on thread Test worker
3 > GET http://localhost:9999/api/recurrings
3 > Accept: application/json
3 > Authorization: Bearer 9ed5b9a7-d7fc-4d76-aae5-a01d7064f034

INFO  [2017-09-12 04:13:12,846] org.hibernate.engine.internal.StatisticalLoggingSessionEventListener: Session Metrics {
    191119 nanoseconds spent acquiring 2 JDBC connections;
    75108 nanoseconds spent releasing 2 JDBC connections;
    404100 nanoseconds spent preparing 2 JDBC statements;
    147042 nanoseconds spent executing 2 JDBC statements;
    0 nanoseconds spent executing 0 JDBC batches;
    0 nanoseconds spent performing 0 L2C puts;
    0 nanoseconds spent performing 0 L2C hits;
    0 nanoseconds spent performing 0 L2C misses;
    69465 nanoseconds spent executing 1 flushes (flushing a total of 2 entities and 0 collections);
    0 nanoseconds spent executing 0 partial-flushes (flushing a total of 0 entities and 0 collections)
}
127.0.0.1 - - [12/Sep/2017:04:13:12 +0000] "POST /api/budgets HTTP/1.1" 201 212 "-" "Jersey/2.25.1 (HttpUrlConnection 1.8.0_144)" 17
WARN  [2017-09-12 04:13:12,849] org.hibernate.orm.deprecation: HHH90000022: Hibernate's legacy org.hibernate.Criteria API is deprecated; use the JPA javax.persistence.criteria.CriteriaQuery instead
DEBUG [2017-09-12 04:13:12,852] org.hibernate.SQL: 
    /* criteria query */ select
        this_.id as id1_0_1_,
        this_.created_at as created_2_0_1_,
        this_.token as token3_0_1_,
        this_.user_id as user_id4_0_1_,
        user2_.id as id1_6_0_,
        user2_.created_at as created_2_6_0_,
        user2_.currency as currency3_6_0_,
        user2_.name as name4_6_0_,
        user2_.password as password5_6_0_,
        user2_.username as username6_6_0_ 
    from
        auth_tokens this_ 
    inner join
        users user2_ 
            on this_.user_id=user2_.id 
    where
        this_.token=?
INFO  [2017-09-12 04:13:12,854] org.hibernate.engine.internal.StatisticalLoggingSessionEventListener: Session Metrics {
    48309 nanoseconds spent acquiring 2 JDBC connections;
    31030 nanoseconds spent releasing 2 JDBC connections;
    293025 nanoseconds spent preparing 1 JDBC statements;
    61356 nanoseconds spent executing 1 JDBC statements;
    0 nanoseconds spent executing 0 JDBC batches;
    0 nanoseconds spent performing 0 L2C puts;
    0 nanoseconds spent performing 0 L2C hits;
    0 nanoseconds spent performing 0 L2C misses;
    73345 nanoseconds spent executing 1 flushes (flushing a total of 2 entities and 0 collections);
    5995 nanoseconds spent executing 1 partial-flushes (flushing a total of 0 entities and 0 collections)
}
DEBUG [2017-09-12 04:13:12,866] org.hibernate.SQL: 
    /* SELECT
        r 
    FROM
        Recurring r 
    JOIN
        r.budgetType budgetType 
    WHERE
        budgetType IN (
            SELECT
                budget.budgetType 
            FROM
                Budget budget 
            WHERE
                budget.user = :user
        ) */ select
            recurring0_.id as id1_4_,
            recurring0_.amount as amount2_4_,
            recurring0_.budget_type_id as budget_t7_4_,
            recurring0_.created_at as created_3_4_,
            recurring0_.last_run_at as last_run4_4_,
            recurring0_.type as type5_4_,
            recurring0_.remark as remark6_4_ 
        from
            recurrings recurring0_ 
        inner join
            budget_types budgettype1_ 
                on recurring0_.budget_type_id=budgettype1_.id 
        where
            budgettype1_.id in (
                select
                    budget2_.type_id 
                from
                    budgets budget2_ cross 
                join
                    budget_types budgettype3_ 
                where
                    budget2_.type_id=budgettype3_.id 
                    and budget2_.user_id=?
            )
DEBUG [2017-09-12 04:13:12,869] io.budgetapp.service.FinanceService: Found recurrings []
DEBUG [2017-09-12 04:13:12,871] io.budgetapp.resource.ResourceIT: 3 * Client response received on thread Test worker
3 < 200
3 < Content-Length: 2
3 < Content-Type: application/json
3 < Date: Tue, 12 Sep 2017 04:13:12 GMT
3 < Vary: Accept-Encoding
[]

127.0.0.1 - - [12/Sep/2017:04:13:12 +0000] "GET /api/recurrings HTTP/1.1" 200 2 "-" "Jersey/2.25.1 (HttpUrlConnection 1.8.0_144)" 26
INFO  [2017-09-12 04:13:12,873] org.hibernate.engine.internal.StatisticalLoggingSessionEventListener: Session Metrics {
    62060 nanoseconds spent acquiring 2 JDBC connections;
    33498 nanoseconds spent releasing 2 JDBC connections;
    1183031 nanoseconds spent preparing 1 JDBC statements;
    803262 nanoseconds spent executing 1 JDBC statements;
    0 nanoseconds spent executing 0 JDBC batches;
    0 nanoseconds spent performing 0 L2C puts;
    0 nanoseconds spent performing 0 L2C hits;
    0 nanoseconds spent performing 0 L2C misses;
    0 nanoseconds spent executing 0 flushes (flushing a total of 0 entities and 0 collections);
    5289 nanoseconds spent executing 1 partial-flushes (flushing a total of 0 entities and 0 collections)
}
DEBUG [2017-09-12 04:13:12,875] io.budgetapp.resource.ResourceIT: 4 * Sending client request on thread Test worker
4 > POST http://localhost:9999/api/transactions
4 > Accept: application/json
4 > Authorization: Bearer 9ed5b9a7-d7fc-4d76-aae5-a01d7064f034
4 > Content-Type: application/json
{"amount":10.0,"remark":null,"transactionOn":1505189592874,"recurring":true,"recurringType":"MONTHLY","budget":{"id":209,"name":"85e5c0d2","projected":0.0,"actual":0.0,"period":null,"createdAt":null,"category":{"id":36,"name":"b3646184","type":"EXPENDITURE","createdAt":null,"user":null},"budgetType":null}}

WARN  [2017-09-12 04:13:12,876] org.hibernate.orm.deprecation: HHH90000022: Hibernate's legacy org.hibernate.Criteria API is deprecated; use the JPA javax.persistence.criteria.CriteriaQuery instead
DEBUG [2017-09-12 04:13:12,877] org.hibernate.SQL: 
    /* criteria query */ select
        this_.id as id1_0_1_,
        this_.created_at as created_2_0_1_,
        this_.token as token3_0_1_,
        this_.user_id as user_id4_0_1_,
        user2_.id as id1_6_0_,
        user2_.created_at as created_2_6_0_,
        user2_.currency as currency3_6_0_,
        user2_.name as name4_6_0_,
        user2_.password as password5_6_0_,
        user2_.username as username6_6_0_ 
    from
        auth_tokens this_ 
    inner join
        users user2_ 
            on this_.user_id=user2_.id 
    where
        this_.token=?
INFO  [2017-09-12 04:13:12,878] org.hibernate.engine.internal.StatisticalLoggingSessionEventListener: Session Metrics {
    46897 nanoseconds spent acquiring 2 JDBC connections;
    29267 nanoseconds spent releasing 2 JDBC connections;
    439009 nanoseconds spent preparing 1 JDBC statements;
    59945 nanoseconds spent executing 1 JDBC statements;
    0 nanoseconds spent executing 0 JDBC batches;
    0 nanoseconds spent performing 0 L2C puts;
    0 nanoseconds spent performing 0 L2C hits;
    0 nanoseconds spent performing 0 L2C misses;
    81102 nanoseconds spent executing 1 flushes (flushing a total of 2 entities and 0 collections);
    12342 nanoseconds spent executing 1 partial-flushes (flushing a total of 0 entities and 0 collections)
}
DEBUG [2017-09-12 04:13:12,884] org.hibernate.SQL: 
    select
        budget0_.id as id1_2_0_,
        budget0_.actual as actual2_2_0_,
        budget0_.type_id as type_id7_2_0_,
        budget0_.category_id as category8_2_0_,
        budget0_.created_at as created_3_2_0_,
        budget0_.name as name4_2_0_,
        budget0_.period_on as period_o5_2_0_,
        budget0_.projected as projecte6_2_0_,
        budget0_.user_id as user_id9_2_0_ 
    from
        budgets budget0_ 
    where
        budget0_.id=?
DEBUG [2017-09-12 04:13:12,885] io.budgetapp.service.FinanceService: Add recurring TransactionForm{amount=10.0, remark='null', transactionOn=Mon Sep 11 23:13:12 CDT 2017, recurring=true, recurringType=MONTHLY, budget=Budget{id=209, actual=0.0, name='85e5c0d2', createdAt=null, user=null, category=Category{id=36, name='b3646184', type=EXPENDITURE, createdAt=null, user=null}}} by User{id=3, username='3c8a198d@6cad2588.com'}
DEBUG [2017-09-12 04:13:12,888] org.hibernate.SQL: 
    /* insert io.budgetapp.model.Recurring
        */ insert 
        into
            recurrings
            (id, amount, budget_type_id, last_run_at, type, remark) 
        values
            (default, ?, ?, ?, ?, ?)
DEBUG [2017-09-12 04:13:12,889] io.budgetapp.dao.TransactionDAO: Add transaction Transaction{id=null, amount=10.0, remark='null', transactionOn=Mon Sep 11 23:13:12 CDT 2017, createdAt=null, budget=Budget{id=209, actual=0.0, name='85e5c0d2', createdAt=null, user=null, category=Category{id=36, name='b3646184', type=EXPENDITURE, createdAt=null, user=null}}}
DEBUG [2017-09-12 04:13:12,890] org.hibernate.SQL: 
    /* insert io.budgetapp.model.Transaction
        */ insert 
        into
            transactions
            (id, amount, auto, budget_id, name, recurring_id, remark, transaction_on) 
        values
            (default, ?, ?, ?, ?, ?, ?, ?)
DEBUG [2017-09-12 04:13:12,891] org.hibernate.SQL: 
    /* update
        io.budgetapp.model.Budget */ update
            budgets 
        set
            actual=?,
            name=?,
            projected=? 
        where
            id=?
INFO  [2017-09-12 04:13:12,898] org.hibernate.engine.internal.StatisticalLoggingSessionEventListener: Session Metrics {
    43019 nanoseconds spent acquiring 2 JDBC connections;
    42315 nanoseconds spent releasing 2 JDBC connections;
    898116 nanoseconds spent preparing 4 JDBC statements;
    753542 nanoseconds spent executing 4 JDBC statements;
    0 nanoseconds spent executing 0 JDBC batches;
    0 nanoseconds spent performing 0 L2C puts;
    0 nanoseconds spent performing 0 L2C hits;
    0 nanoseconds spent performing 0 L2C misses;
    1853004 nanoseconds spent executing 1 flushes (flushing a total of 3 entities and 0 collections);
    0 nanoseconds spent executing 0 partial-flushes (flushing a total of 0 entities and 0 collections)
}
DEBUG [2017-09-12 04:13:12,898] io.budgetapp.resource.ResourceIT: 4 * Client response received on thread Test worker
4 < 201
4 < Content-Length: 519
4 < Content-Type: application/json
4 < Date: Tue, 12 Sep 2017 04:13:12 GMT
4 < Location: http://localhost:9999/api/transactions/2
{"id":2,"name":"85e5c0d2","amount":10.0,"remark":null,"auto":true,"transactionOn":1505189592874,"createdAt":null,"budget":{"id":209,"name":"85e5c0d2","projected":0.0,"actual":0.0,"period":null,"createdAt":null,"category":{"id":36,"name":"b3646184","type":"EXPENDITURE","createdAt":null,"user":null},"budgetType":null},"recurring":{"id":1,"amount":10.0,"recurringType":"MONTHLY","lastRunAt":1505189592874,"createdAt":null,"budgetType":null,"remark":null,"transactions":null,"name":null,"recurringTypeDisplay":"Monthly"}}

DEBUG [2017-09-12 04:13:12,899] io.budgetapp.resource.ResourceIT: 5 * Sending client request on thread Test worker
5 > GET http://localhost:9999/api/recurrings
5 > Accept: application/json
5 > Authorization: Bearer 9ed5b9a7-d7fc-4d76-aae5-a01d7064f034

WARN  [2017-09-12 04:13:12,900] org.hibernate.orm.deprecation: HHH90000022: Hibernate's legacy org.hibernate.Criteria API is deprecated; use the JPA javax.persistence.criteria.CriteriaQuery instead
DEBUG [2017-09-12 04:13:12,901] org.hibernate.SQL: 
    /* criteria query */ select
        this_.id as id1_0_1_,
        this_.created_at as created_2_0_1_,
        this_.token as token3_0_1_,
        this_.user_id as user_id4_0_1_,
        user2_.id as id1_6_0_,
        user2_.created_at as created_2_6_0_,
        user2_.currency as currency3_6_0_,
        user2_.name as name4_6_0_,
        user2_.password as password5_6_0_,
        user2_.username as username6_6_0_ 
    from
        auth_tokens this_ 
    inner join
        users user2_ 
            on this_.user_id=user2_.id 
    where
        this_.token=?
INFO  [2017-09-12 04:13:12,902] org.hibernate.engine.internal.StatisticalLoggingSessionEventListener: Session Metrics {
    211218 nanoseconds spent acquiring 2 JDBC connections;
    55360 nanoseconds spent releasing 2 JDBC connections;
    295140 nanoseconds spent preparing 1 JDBC statements;
    77223 nanoseconds spent executing 1 JDBC statements;
    0 nanoseconds spent executing 0 JDBC batches;
    0 nanoseconds spent performing 0 L2C puts;
    0 nanoseconds spent performing 0 L2C hits;
    0 nanoseconds spent performing 0 L2C misses;
    88507 nanoseconds spent executing 1 flushes (flushing a total of 2 entities and 0 collections);
    6700 nanoseconds spent executing 1 partial-flushes (flushing a total of 0 entities and 0 collections)
}
DEBUG [2017-09-12 04:13:12,902] org.hibernate.SQL: 
    /* SELECT
        r 
    FROM
        Recurring r 
    JOIN
        r.budgetType budgetType 
    WHERE
        budgetType IN (
            SELECT
                budget.budgetType 
            FROM
                Budget budget 
            WHERE
                budget.user = :user
        ) */ select
            recurring0_.id as id1_4_,
            recurring0_.amount as amount2_4_,
            recurring0_.budget_type_id as budget_t7_4_,
            recurring0_.created_at as created_3_4_,
            recurring0_.last_run_at as last_run4_4_,
            recurring0_.type as type5_4_,
            recurring0_.remark as remark6_4_ 
        from
            recurrings recurring0_ 
        inner join
            budget_types budgettype1_ 
                on recurring0_.budget_type_id=budgettype1_.id 
        where
            budgettype1_.id in (
                select
                    budget2_.type_id 
                from
                    budgets budget2_ cross 
                join
                    budget_types budgettype3_ 
                where
                    budget2_.type_id=budgettype3_.id 
                    and budget2_.user_id=?
            )
127.0.0.1 - - [12/Sep/2017:04:13:12 +0000] "POST /api/transactions HTTP/1.1" 201 519 "-" "Jersey/2.25.1 (HttpUrlConnection 1.8.0_144)" 24
DEBUG [2017-09-12 04:13:12,919] org.hibernate.SQL: 
    /* 
FROM
    Budget b 
WHERE
    b.budgetType.id = :budgetTypeId 
    AND b.period = :period */ select
        budget0_.id as id1_2_,
        budget0_.actual as actual2_2_,
        budget0_.type_id as type_id7_2_,
        budget0_.category_id as category8_2_,
        budget0_.created_at as created_3_2_,
        budget0_.name as name4_2_,
        budget0_.period_on as period_o5_2_,
        budget0_.projected as projecte6_2_,
        budget0_.user_id as user_id9_2_ 
    from
        budgets budget0_ 
    where
        budget0_.type_id=? 
        and budget0_.period_on=?
DEBUG [2017-09-12 04:13:12,920] io.budgetapp.service.FinanceService: Found recurrings [Recurring{createdAt=2017-09-11 23:13:12.889, recurringType=MONTHLY, amount=10.0, id=1}]
INFO  [2017-09-12 04:13:12,923] org.hibernate.engine.internal.StatisticalLoggingSessionEventListener: Session Metrics {
    27151 nanoseconds spent acquiring 2 JDBC connections;
    38787 nanoseconds spent releasing 2 JDBC connections;
    871670 nanoseconds spent preparing 2 JDBC statements;
    950656 nanoseconds spent executing 2 JDBC statements;
    0 nanoseconds spent executing 0 JDBC batches;
    0 nanoseconds spent performing 0 L2C puts;
    0 nanoseconds spent performing 0 L2C hits;
    0 nanoseconds spent performing 0 L2C misses;
    249653 nanoseconds spent executing 1 flushes (flushing a total of 2 entities and 1 collections);
    2411902 nanoseconds spent executing 2 partial-flushes (flushing a total of 1 entities and 1 collections)
}
DEBUG [2017-09-12 04:13:12,924] io.budgetapp.resource.ResourceIT: 5 * Client response received on thread Test worker
5 < 200
5 < Content-Length: 205
5 < Content-Type: application/json
5 < Date: Tue, 12 Sep 2017 04:13:12 GMT
5 < Vary: Accept-Encoding
[{"id":1,"amount":10.0,"recurringType":"MONTHLY","lastRunAt":1505189592874,"createdAt":1505189592889,"budgetType":null,"remark":null,"transactions":null,"name":"85e5c0d2","recurringTypeDisplay":"Monthly"}]

127.0.0.1 - - [12/Sep/2017:04:13:12 +0000] "GET /api/recurrings HTTP/1.1" 200 205 "-" "Jersey/2.25.1 (HttpUrlConnection 1.8.0_144)" 25
INFO  [2017-09-12 04:13:12,926] org.eclipse.jetty.server.AbstractConnector: Stopped application@663a98d4{HTTP/1.1,[http/1.1]}{0.0.0.0:9999}
INFO  [2017-09-12 04:13:12,927] org.eclipse.jetty.server.AbstractConnector: Stopped admin@3197ee2d{HTTP/1.1,[http/1.1]}{0.0.0.0:8081}
INFO  [2017-09-12 04:13:12,927] org.eclipse.jetty.server.handler.ContextHandler: Stopped i.d.j.MutableServletContextHandler@20ae3bb{/,null,UNAVAILABLE}
INFO  [2017-09-12 04:13:12,928] org.eclipse.jetty.ContextHandler.58e3df7c: org.tuckey.web.filters.urlrewrite.UrlRewriteFilter INFO: destroy called
INFO  [2017-09-12 04:13:12,928] org.eclipse.jetty.server.handler.ContextHandler: Stopped i.d.j.MutableServletContextHandler@58e3df7c{/,null,UNAVAILABLE}
]]></system-out>
  <system-err><![CDATA[]]></system-err>
</testsuite>
